<?xml version="1.0" encoding="UTF-8"?>
<coverage generated="1768134577175" clover="3.2.0">
  <project timestamp="1768134577175" name="All files">
    <metrics statements="356" coveredstatements="214" conditionals="132" coveredconditionals="76" methods="97" coveredmethods="79" elements="585" coveredelements="369" complexity="0" loc="356" ncloc="356" packages="5" files="13" classes="13"/>
    <package name="controllers">
      <metrics statements="72" coveredstatements="0" conditionals="0" coveredconditionals="0" methods="9" coveredmethods="0"/>
      <file name="comparison.controller.ts" path="/Users/fonkelmedia/Desktop/dsahboard-task/backend/src/controllers/comparison.controller.ts">
        <metrics statements="10" coveredstatements="0" conditionals="0" coveredconditionals="0" methods="1" coveredmethods="0"/>
        <line num="2" count="0" type="stmt"/>
        <line num="3" count="0" type="stmt"/>
        <line num="4" count="0" type="stmt"/>
        <line num="6" count="0" type="stmt"/>
        <line num="7" count="0" type="stmt"/>
        <line num="8" count="0" type="stmt"/>
        <line num="9" count="0" type="stmt"/>
        <line num="10" count="0" type="stmt"/>
        <line num="11" count="0" type="stmt"/>
        <line num="13" count="0" type="stmt"/>
      </file>
      <file name="metrics.controller.ts" path="/Users/fonkelmedia/Desktop/dsahboard-task/backend/src/controllers/metrics.controller.ts">
        <metrics statements="52" coveredstatements="0" conditionals="0" coveredconditionals="0" methods="7" coveredmethods="0"/>
        <line num="2" count="0" type="stmt"/>
        <line num="3" count="0" type="stmt"/>
        <line num="4" count="0" type="stmt"/>
        <line num="6" count="0" type="stmt"/>
        <line num="7" count="0" type="stmt"/>
        <line num="8" count="0" type="stmt"/>
        <line num="9" count="0" type="stmt"/>
        <line num="10" count="0" type="stmt"/>
        <line num="11" count="0" type="stmt"/>
        <line num="13" count="0" type="stmt"/>
        <line num="17" count="0" type="stmt"/>
        <line num="18" count="0" type="stmt"/>
        <line num="19" count="0" type="stmt"/>
        <line num="20" count="0" type="stmt"/>
        <line num="21" count="0" type="stmt"/>
        <line num="22" count="0" type="stmt"/>
        <line num="24" count="0" type="stmt"/>
        <line num="28" count="0" type="stmt"/>
        <line num="29" count="0" type="stmt"/>
        <line num="30" count="0" type="stmt"/>
        <line num="31" count="0" type="stmt"/>
        <line num="32" count="0" type="stmt"/>
        <line num="33" count="0" type="stmt"/>
        <line num="35" count="0" type="stmt"/>
        <line num="39" count="0" type="stmt"/>
        <line num="40" count="0" type="stmt"/>
        <line num="41" count="0" type="stmt"/>
        <line num="42" count="0" type="stmt"/>
        <line num="43" count="0" type="stmt"/>
        <line num="44" count="0" type="stmt"/>
        <line num="46" count="0" type="stmt"/>
        <line num="50" count="0" type="stmt"/>
        <line num="51" count="0" type="stmt"/>
        <line num="52" count="0" type="stmt"/>
        <line num="53" count="0" type="stmt"/>
        <line num="54" count="0" type="stmt"/>
        <line num="55" count="0" type="stmt"/>
        <line num="57" count="0" type="stmt"/>
        <line num="61" count="0" type="stmt"/>
        <line num="62" count="0" type="stmt"/>
        <line num="63" count="0" type="stmt"/>
        <line num="64" count="0" type="stmt"/>
        <line num="65" count="0" type="stmt"/>
        <line num="66" count="0" type="stmt"/>
        <line num="68" count="0" type="stmt"/>
        <line num="72" count="0" type="stmt"/>
        <line num="73" count="0" type="stmt"/>
        <line num="74" count="0" type="stmt"/>
        <line num="75" count="0" type="stmt"/>
        <line num="76" count="0" type="stmt"/>
        <line num="77" count="0" type="stmt"/>
        <line num="79" count="0" type="stmt"/>
      </file>
      <file name="recommendations.controller.ts" path="/Users/fonkelmedia/Desktop/dsahboard-task/backend/src/controllers/recommendations.controller.ts">
        <metrics statements="10" coveredstatements="0" conditionals="0" coveredconditionals="0" methods="1" coveredmethods="0"/>
        <line num="2" count="0" type="stmt"/>
        <line num="3" count="0" type="stmt"/>
        <line num="4" count="0" type="stmt"/>
        <line num="6" count="0" type="stmt"/>
        <line num="7" count="0" type="stmt"/>
        <line num="8" count="0" type="stmt"/>
        <line num="9" count="0" type="stmt"/>
        <line num="10" count="0" type="stmt"/>
        <line num="11" count="0" type="stmt"/>
        <line num="13" count="0" type="stmt"/>
      </file>
    </package>
    <package name="middleware">
      <metrics statements="8" coveredstatements="0" conditionals="2" coveredconditionals="0" methods="2" coveredmethods="0"/>
      <file name="errorHandler.ts" path="/Users/fonkelmedia/Desktop/dsahboard-task/backend/src/middleware/errorHandler.ts">
        <metrics statements="8" coveredstatements="0" conditionals="2" coveredconditionals="0" methods="2" coveredmethods="0"/>
        <line num="3" count="0" type="stmt"/>
        <line num="7" count="0" type="stmt"/>
        <line num="8" count="0" type="stmt"/>
        <line num="12" count="0" type="stmt"/>
        <line num="18" count="0" type="cond" truecount="0" falsecount="2"/>
        <line num="19" count="0" type="stmt"/>
        <line num="24" count="0" type="stmt"/>
        <line num="25" count="0" type="stmt"/>
      </file>
    </package>
    <package name="routes">
      <metrics statements="29" coveredstatements="0" conditionals="0" coveredconditionals="0" methods="0" coveredmethods="0"/>
      <file name="comparison.routes.ts" path="/Users/fonkelmedia/Desktop/dsahboard-task/backend/src/routes/comparison.routes.ts">
        <metrics statements="5" coveredstatements="0" conditionals="0" coveredconditionals="0" methods="0" coveredmethods="0"/>
        <line num="1" count="0" type="stmt"/>
        <line num="2" count="0" type="stmt"/>
        <line num="4" count="0" type="stmt"/>
        <line num="6" count="0" type="stmt"/>
        <line num="8" count="0" type="stmt"/>
      </file>
      <file name="index.ts" path="/Users/fonkelmedia/Desktop/dsahboard-task/backend/src/routes/index.ts">
        <metrics statements="8" coveredstatements="0" conditionals="0" coveredconditionals="0" methods="0" coveredmethods="0"/>
        <line num="1" count="0" type="stmt"/>
        <line num="2" count="0" type="stmt"/>
        <line num="3" count="0" type="stmt"/>
        <line num="4" count="0" type="stmt"/>
        <line num="6" count="0" type="stmt"/>
        <line num="8" count="0" type="stmt"/>
        <line num="9" count="0" type="stmt"/>
        <line num="10" count="0" type="stmt"/>
      </file>
      <file name="metrics.routes.ts" path="/Users/fonkelmedia/Desktop/dsahboard-task/backend/src/routes/metrics.routes.ts">
        <metrics statements="11" coveredstatements="0" conditionals="0" coveredconditionals="0" methods="0" coveredmethods="0"/>
        <line num="1" count="0" type="stmt"/>
        <line num="2" count="0" type="stmt"/>
        <line num="4" count="0" type="stmt"/>
        <line num="6" count="0" type="stmt"/>
        <line num="7" count="0" type="stmt"/>
        <line num="8" count="0" type="stmt"/>
        <line num="9" count="0" type="stmt"/>
        <line num="10" count="0" type="stmt"/>
        <line num="11" count="0" type="stmt"/>
        <line num="12" count="0" type="stmt"/>
        <line num="14" count="0" type="stmt"/>
      </file>
      <file name="recommendations.routes.ts" path="/Users/fonkelmedia/Desktop/dsahboard-task/backend/src/routes/recommendations.routes.ts">
        <metrics statements="5" coveredstatements="0" conditionals="0" coveredconditionals="0" methods="0" coveredmethods="0"/>
        <line num="1" count="0" type="stmt"/>
        <line num="2" count="0" type="stmt"/>
        <line num="4" count="0" type="stmt"/>
        <line num="6" count="0" type="stmt"/>
        <line num="8" count="0" type="stmt"/>
      </file>
    </package>
    <package name="services">
      <metrics statements="203" coveredstatements="180" conditionals="107" coveredconditionals="58" methods="77" coveredmethods="74"/>
      <file name="comparison.service.ts" path="/Users/fonkelmedia/Desktop/dsahboard-task/backend/src/services/comparison.service.ts">
        <metrics statements="17" coveredstatements="0" conditionals="8" coveredconditionals="0" methods="3" coveredmethods="0"/>
        <line num="2" count="0" type="stmt"/>
        <line num="3" count="0" type="stmt"/>
        <line num="35" count="0" type="cond" truecount="0" falsecount="4"/>
        <line num="36" count="0" type="stmt"/>
        <line num="38" count="0" type="stmt"/>
        <line num="42" count="0" type="stmt"/>
        <line num="46" count="0" type="stmt"/>
        <line num="50" count="0" type="cond" truecount="0" falsecount="2"/>
        <line num="51" count="0" type="cond" truecount="0" falsecount="2"/>
        <line num="53" count="0" type="stmt"/>
        <line num="56" count="0" type="stmt"/>
        <line num="57" count="0" type="stmt"/>
        <line num="58" count="0" type="stmt"/>
        <line num="60" count="0" type="stmt"/>
        <line num="61" count="0" type="stmt"/>
        <line num="62" count="0" type="stmt"/>
        <line num="64" count="0" type="stmt"/>
      </file>
      <file name="metrics.service.ts" path="/Users/fonkelmedia/Desktop/dsahboard-task/backend/src/services/metrics.service.ts">
        <metrics statements="147" coveredstatements="147" conditionals="58" coveredconditionals="38" methods="66" coveredmethods="66"/>
        <line num="2" count="2" type="stmt"/>
        <line num="4" count="2" type="stmt"/>
        <line num="5" count="2" type="stmt"/>
        <line num="6" count="2" type="stmt"/>
        <line num="7" count="2" type="stmt"/>
        <line num="8" count="2" type="stmt"/>
        <line num="9" count="2" type="stmt"/>
        <line num="11" count="2" type="stmt"/>
        <line num="12" count="2" type="stmt"/>
        <line num="13" count="2" type="stmt"/>
        <line num="14" count="2" type="stmt"/>
        <line num="15" count="2" type="stmt"/>
        <line num="16" count="2" type="stmt"/>
        <line num="18" count="2" type="stmt"/>
        <line num="19" count="9" type="stmt"/>
        <line num="20" count="9" type="stmt"/>
        <line num="21" count="9" type="stmt"/>
        <line num="23" count="304" type="stmt"/>
        <line num="24" count="476" type="stmt"/>
        <line num="25" count="372" type="stmt"/>
        <line num="27" count="9" type="stmt"/>
        <line num="28" count="252" type="stmt"/>
        <line num="30" count="9" type="cond" truecount="1" falsecount="1"/>
        <line num="31" count="461" type="stmt"/>
        <line num="34" count="9" type="cond" truecount="1" falsecount="1"/>
        <line num="38" count="9" type="cond" truecount="1" falsecount="1"/>
        <line num="39" count="476" type="stmt"/>
        <line num="43" count="9" type="stmt"/>
        <line num="44" count="295" type="stmt"/>
        <line num="45" count="9" type="stmt"/>
        <line num="46" count="461" type="stmt"/>
        <line num="47" count="360" type="stmt"/>
        <line num="48" count="9" type="cond" truecount="2" falsecount="0"/>
        <line num="52" count="9" type="stmt"/>
        <line num="70" count="2" type="stmt"/>
        <line num="71" count="3" type="stmt"/>
        <line num="72" count="123" type="stmt"/>
        <line num="73" count="123" type="stmt"/>
        <line num="74" count="3" type="stmt"/>
        <line num="75" count="150" type="stmt"/>
        <line num="77" count="3" type="cond" truecount="1" falsecount="1"/>
        <line num="78" count="114" type="stmt"/>
        <line num="81" count="3" type="stmt"/>
        <line num="82" count="3" type="stmt"/>
        <line num="83" count="123" type="stmt"/>
        <line num="84" count="72" type="stmt"/>
        <line num="86" count="3" type="stmt"/>
        <line num="98" count="2" type="stmt"/>
        <line num="99" count="6" type="stmt"/>
        <line num="100" count="334" type="stmt"/>
        <line num="101" count="334" type="stmt"/>
        <line num="103" count="6" type="cond" truecount="1" falsecount="1"/>
        <line num="104" count="324" type="stmt"/>
        <line num="107" count="168" type="stmt"/>
        <line num="108" count="6" type="stmt"/>
        <line num="110" count="6" type="stmt"/>
        <line num="111" count="324" type="stmt"/>
        <line num="112" count="324" type="cond" truecount="1" falsecount="1"/>
        <line num="113" count="324" type="stmt"/>
        <line num="117" count="18" type="stmt"/>
        <line num="122" count="6" type="stmt"/>
        <line num="123" count="6" type="stmt"/>
        <line num="124" count="334" type="stmt"/>
        <line num="125" count="124" type="stmt"/>
        <line num="127" count="324" type="stmt"/>
        <line num="128" count="6" type="cond" truecount="1" falsecount="1"/>
        <line num="132" count="6" type="stmt"/>
        <line num="143" count="2" type="stmt"/>
        <line num="144" count="7" type="stmt"/>
        <line num="145" count="398" type="stmt"/>
        <line num="147" count="7" type="stmt"/>
        <line num="148" count="196" type="stmt"/>
        <line num="150" count="7" type="stmt"/>
        <line num="151" count="21" type="stmt"/>
        <line num="153" count="588" type="stmt"/>
        <line num="154" count="588" type="cond" truecount="2" falsecount="0"/>
        <line num="157" count="7" type="stmt"/>
        <line num="158" count="7" type="stmt"/>
        <line num="159" count="386" type="cond" truecount="2" falsecount="0"/>
        <line num="162" count="196" type="stmt"/>
        <line num="163" count="7" type="stmt"/>
        <line num="164" count="415" type="stmt"/>
        <line num="166" count="70" type="stmt"/>
        <line num="172" count="7" type="stmt"/>
        <line num="181" count="2" type="stmt"/>
        <line num="182" count="6" type="stmt"/>
        <line num="183" count="6" type="stmt"/>
        <line num="184" count="260" type="stmt"/>
        <line num="186" count="6" type="stmt"/>
        <line num="194" count="30" type="stmt"/>
        <line num="196" count="1300" type="cond" truecount="2" falsecount="0"/>
        <line num="199" count="6" type="stmt"/>
        <line num="206" count="24" type="stmt"/>
        <line num="208" count="1040" type="cond" truecount="2" falsecount="0"/>
        <line num="211" count="6" type="stmt"/>
        <line num="212" count="6" type="stmt"/>
        <line num="213" count="260" type="cond" truecount="2" falsecount="0"/>
        <line num="215" count="18" type="stmt"/>
        <line num="220" count="6" type="stmt"/>
        <line num="221" count="6" type="stmt"/>
        <line num="222" count="260" type="cond" truecount="2" falsecount="0"/>
        <line num="224" count="6" type="stmt"/>
        <line num="225" count="40" type="stmt"/>
        <line num="226" count="42" type="stmt"/>
        <line num="228" count="6" type="stmt"/>
        <line num="229" count="6" type="stmt"/>
        <line num="230" count="254" type="cond" truecount="2" falsecount="0"/>
        <line num="232" count="6" type="stmt"/>
        <line num="233" count="6" type="stmt"/>
        <line num="234" count="106" type="stmt"/>
        <line num="235" count="49" type="stmt"/>
        <line num="237" count="6" type="stmt"/>
        <line num="248" count="2" type="stmt"/>
        <line num="249" count="5" type="stmt"/>
        <line num="250" count="5" type="stmt"/>
        <line num="252" count="172" type="stmt"/>
        <line num="253" count="270" type="stmt"/>
        <line num="255" count="5" type="cond" truecount="1" falsecount="1"/>
        <line num="256" count="160" type="stmt"/>
        <line num="259" count="5" type="cond" truecount="1" falsecount="1"/>
        <line num="260" count="262" type="stmt"/>
        <line num="263" count="5" type="cond" truecount="1" falsecount="1"/>
        <line num="267" count="5" type="cond" truecount="1" falsecount="1"/>
        <line num="271" count="5" type="stmt"/>
        <line num="272" count="5" type="stmt"/>
        <line num="274" count="5" type="stmt"/>
        <line num="275" count="5" type="stmt"/>
        <line num="277" count="5" type="stmt"/>
        <line num="278" count="172" type="cond" truecount="1" falsecount="1"/>
        <line num="279" count="270" type="cond" truecount="1" falsecount="1"/>
        <line num="281" count="105" type="stmt"/>
        <line num="284" count="160" type="stmt"/>
        <line num="287" count="262" type="stmt"/>
        <line num="292" count="5" type="stmt"/>
        <line num="293" count="105" type="cond" truecount="1" falsecount="1"/>
        <line num="294" count="105" type="cond" truecount="1" falsecount="1"/>
        <line num="296" count="105" type="stmt"/>
        <line num="298" count="172" type="stmt"/>
        <line num="299" count="270" type="stmt"/>
        <line num="303" count="5" type="stmt"/>
        <line num="313" count="2" type="stmt"/>
        <line num="314" count="7" type="stmt"/>
        <line num="316" count="7" type="stmt"/>
        <line num="324" count="35" type="stmt"/>
        <line num="326" count="3000" type="stmt"/>
        <line num="329" count="7" type="cond" truecount="2" falsecount="0"/>
        <line num="331" count="35" type="stmt"/>
      </file>
      <file name="recommendations.service.ts" path="/Users/fonkelmedia/Desktop/dsahboard-task/backend/src/services/recommendations.service.ts">
        <metrics statements="39" coveredstatements="33" conditionals="41" coveredconditionals="20" methods="8" coveredmethods="8"/>
        <line num="2" count="1" type="stmt"/>
        <line num="4" count="1" type="stmt"/>
        <line num="5" count="3" type="stmt"/>
        <line num="6" count="3" type="stmt"/>
        <line num="7" count="3" type="stmt"/>
        <line num="8" count="3" type="stmt"/>
        <line num="9" count="3" type="stmt"/>
        <line num="10" count="3" type="stmt"/>
        <line num="12" count="3" type="stmt"/>
        <line num="15" count="3" type="cond" truecount="1" falsecount="1"/>
        <line num="16" count="0" type="stmt"/>
        <line num="29" count="3" type="stmt"/>
        <line num="30" count="6" type="cond" truecount="1" falsecount="1"/>
        <line num="31" count="6" type="cond" truecount="1" falsecount="1"/>
        <line num="33" count="3" type="cond" truecount="2" falsecount="2"/>
        <line num="34" count="0" type="stmt"/>
        <line num="47" count="3" type="cond" truecount="1" falsecount="1"/>
        <line num="48" count="0" type="stmt"/>
        <line num="61" count="3" type="cond" truecount="1" falsecount="1"/>
        <line num="62" count="0" type="stmt"/>
        <line num="75" count="3" type="cond" truecount="1" falsecount="1"/>
        <line num="76" count="0" type="stmt"/>
        <line num="89" count="3" type="cond" truecount="1" falsecount="1"/>
        <line num="90" count="0" type="stmt"/>
        <line num="103" count="3" type="cond" truecount="1" falsecount="1"/>
        <line num="104" count="3" type="stmt"/>
        <line num="117" count="3" type="stmt"/>
        <line num="118" count="3" type="stmt"/>
        <line num="119" count="22" type="stmt"/>
        <line num="121" count="3" type="cond" truecount="5" falsecount="0"/>
        <line num="122" count="1" type="stmt"/>
        <line num="123" count="3" type="stmt"/>
        <line num="125" count="1" type="stmt"/>
        <line num="138" count="15" type="cond" truecount="2" falsecount="0"/>
        <line num="139" count="3" type="cond" truecount="2" falsecount="0"/>
        <line num="140" count="1" type="stmt"/>
        <line num="153" count="3" type="stmt"/>
        <line num="154" count="3" type="stmt"/>
        <line num="156" count="3" type="stmt"/>
      </file>
    </package>
    <package name="utils">
      <metrics statements="44" coveredstatements="34" conditionals="23" coveredconditionals="18" methods="9" coveredmethods="5"/>
      <file name="dateFilters.ts" path="/Users/fonkelmedia/Desktop/dsahboard-task/backend/src/utils/dateFilters.ts">
        <metrics statements="39" coveredstatements="34" conditionals="18" coveredconditionals="18" methods="7" coveredmethods="5"/>
        <line num="3" count="3" type="stmt"/>
        <line num="7" count="107" type="stmt"/>
        <line num="9" count="107" type="stmt"/>
        <line num="10" count="5740" type="stmt"/>
        <line num="12" count="5740" type="cond" truecount="4" falsecount="0"/>
        <line num="13" count="553" type="stmt"/>
        <line num="16" count="5187" type="cond" truecount="4" falsecount="0"/>
        <line num="17" count="348" type="stmt"/>
        <line num="20" count="4839" type="stmt"/>
        <line num="24" count="3" type="stmt"/>
        <line num="25" count="0" type="stmt"/>
        <line num="31" count="3" type="stmt"/>
        <line num="34" count="21" type="stmt"/>
        <line num="36" count="21" type="stmt"/>
        <line num="37" count="902" type="stmt"/>
        <line num="38" count="902" type="cond" truecount="2" falsecount="0"/>
        <line num="39" count="902" type="stmt"/>
        <line num="40" count="902" type="stmt"/>
        <line num="43" count="21" type="stmt"/>
        <line num="46" count="3" type="stmt"/>
        <line num="47" count="0" type="stmt"/>
        <line num="48" count="0" type="stmt"/>
        <line num="49" count="0" type="stmt"/>
        <line num="51" count="0" type="stmt"/>
        <line num="61" count="3" type="stmt"/>
        <line num="62" count="12" type="cond" truecount="4" falsecount="0"/>
        <line num="64" count="8" type="stmt"/>
        <line num="67" count="4" type="stmt"/>
        <line num="68" count="4" type="stmt"/>
        <line num="69" count="4" type="stmt"/>
        <line num="71" count="4" type="stmt"/>
        <line num="72" count="4" type="stmt"/>
        <line num="74" count="4" type="stmt"/>
        <line num="75" count="4" type="stmt"/>
        <line num="77" count="4" type="stmt"/>
        <line num="87" count="3" type="stmt"/>
        <line num="88" count="33" type="cond" truecount="2" falsecount="0"/>
        <line num="89" count="5" type="cond" truecount="2" falsecount="0"/>
        <line num="91" count="28" type="stmt"/>
      </file>
      <file name="delay.ts" path="/Users/fonkelmedia/Desktop/dsahboard-task/backend/src/utils/delay.ts">
        <metrics statements="5" coveredstatements="0" conditionals="5" coveredconditionals="0" methods="2" coveredmethods="0"/>
        <line num="3" count="0" type="stmt"/>
        <line num="4" count="0" type="cond" truecount="0" falsecount="2"/>
        <line num="6" count="0" type="cond" truecount="0" falsecount="1"/>
        <line num="7" count="0" type="cond" truecount="0" falsecount="2"/>
        <line num="8" count="0" type="stmt"/>
      </file>
    </package>
  </project>
</coverage>
