{"/Users/fonkelmedia/Desktop/dsahboard-task/backend/src/controllers/comparison.controller.ts": {"path":"/Users/fonkelmedia/Desktop/dsahboard-task/backend/src/controllers/comparison.controller.ts","statementMap":{"0":{"start":{"line":6,"column":0},"end":{"line":6,"column":7}},"1":{"start":{"line":2,"column":0},"end":{"line":2,"column":68}},"2":{"start":{"line":3,"column":0},"end":{"line":3,"column":54}},"3":{"start":{"line":4,"column":0},"end":{"line":4,"column":39}},"4":{"start":{"line":7,"column":2},"end":{"line":14,"column":3}},"5":{"start":{"line":8,"column":4},"end":{"line":8,"column":18}},"6":{"start":{"line":9,"column":22},"end":{"line":9,"column":91}},"7":{"start":{"line":10,"column":17},"end":{"line":10,"column":66}},"8":{"start":{"line":11,"column":4},"end":{"line":11,"column":19}},"9":{"start":{"line":13,"column":4},"end":{"line":13,"column":16}}},"fnMap":{"0":{"name":"getComparison","decl":{"start":{"line":6,"column":22},"end":{"line":6,"column":35}},"loc":{"start":{"line":6,"column":83},"end":{"line":15,"column":1}}}},"branchMap":{},"s":{"0":0,"1":0,"2":0,"3":0,"4":0,"5":0,"6":0,"7":0,"8":0,"9":0},"f":{"0":0},"b":{}}
,"/Users/fonkelmedia/Desktop/dsahboard-task/backend/src/controllers/metrics.controller.ts": {"path":"/Users/fonkelmedia/Desktop/dsahboard-task/backend/src/controllers/metrics.controller.ts","statementMap":{"0":{"start":{"line":6,"column":0},"end":{"line":6,"column":7}},"1":{"start":{"line":17,"column":0},"end":{"line":17,"column":7}},"2":{"start":{"line":28,"column":0},"end":{"line":28,"column":7}},"3":{"start":{"line":39,"column":0},"end":{"line":39,"column":7}},"4":{"start":{"line":50,"column":0},"end":{"line":50,"column":7}},"5":{"start":{"line":61,"column":0},"end":{"line":61,"column":7}},"6":{"start":{"line":72,"column":0},"end":{"line":72,"column":7}},"7":{"start":{"line":2,"column":0},"end":{"line":2,"column":62}},"8":{"start":{"line":3,"column":0},"end":{"line":3,"column":54}},"9":{"start":{"line":4,"column":0},"end":{"line":4,"column":39}},"10":{"start":{"line":7,"column":2},"end":{"line":14,"column":3}},"11":{"start":{"line":8,"column":4},"end":{"line":8,"column":18}},"12":{"start":{"line":9,"column":22},"end":{"line":9,"column":91}},"13":{"start":{"line":10,"column":17},"end":{"line":10,"column":60}},"14":{"start":{"line":11,"column":4},"end":{"line":11,"column":19}},"15":{"start":{"line":13,"column":4},"end":{"line":13,"column":16}},"16":{"start":{"line":18,"column":2},"end":{"line":25,"column":3}},"17":{"start":{"line":19,"column":4},"end":{"line":19,"column":18}},"18":{"start":{"line":20,"column":22},"end":{"line":20,"column":91}},"19":{"start":{"line":21,"column":17},"end":{"line":21,"column":59}},"20":{"start":{"line":22,"column":4},"end":{"line":22,"column":19}},"21":{"start":{"line":24,"column":4},"end":{"line":24,"column":16}},"22":{"start":{"line":29,"column":2},"end":{"line":36,"column":3}},"23":{"start":{"line":30,"column":4},"end":{"line":30,"column":18}},"24":{"start":{"line":31,"column":22},"end":{"line":31,"column":91}},"25":{"start":{"line":32,"column":17},"end":{"line":32,"column":58}},"26":{"start":{"line":33,"column":4},"end":{"line":33,"column":19}},"27":{"start":{"line":35,"column":4},"end":{"line":35,"column":16}},"28":{"start":{"line":40,"column":2},"end":{"line":47,"column":3}},"29":{"start":{"line":41,"column":4},"end":{"line":41,"column":18}},"30":{"start":{"line":42,"column":22},"end":{"line":42,"column":91}},"31":{"start":{"line":43,"column":17},"end":{"line":43,"column":60}},"32":{"start":{"line":44,"column":4},"end":{"line":44,"column":19}},"33":{"start":{"line":46,"column":4},"end":{"line":46,"column":16}},"34":{"start":{"line":51,"column":2},"end":{"line":58,"column":3}},"35":{"start":{"line":52,"column":4},"end":{"line":52,"column":18}},"36":{"start":{"line":53,"column":22},"end":{"line":53,"column":91}},"37":{"start":{"line":54,"column":17},"end":{"line":54,"column":60}},"38":{"start":{"line":55,"column":4},"end":{"line":55,"column":19}},"39":{"start":{"line":57,"column":4},"end":{"line":57,"column":16}},"40":{"start":{"line":62,"column":2},"end":{"line":69,"column":3}},"41":{"start":{"line":63,"column":4},"end":{"line":63,"column":18}},"42":{"start":{"line":64,"column":22},"end":{"line":64,"column":91}},"43":{"start":{"line":65,"column":17},"end":{"line":65,"column":64}},"44":{"start":{"line":66,"column":4},"end":{"line":66,"column":19}},"45":{"start":{"line":68,"column":4},"end":{"line":68,"column":16}},"46":{"start":{"line":73,"column":2},"end":{"line":80,"column":3}},"47":{"start":{"line":74,"column":4},"end":{"line":74,"column":18}},"48":{"start":{"line":75,"column":22},"end":{"line":75,"column":91}},"49":{"start":{"line":76,"column":17},"end":{"line":76,"column":59}},"50":{"start":{"line":77,"column":4},"end":{"line":77,"column":19}},"51":{"start":{"line":79,"column":4},"end":{"line":79,"column":16}}},"fnMap":{"0":{"name":"getSummary","decl":{"start":{"line":6,"column":22},"end":{"line":6,"column":32}},"loc":{"start":{"line":6,"column":80},"end":{"line":15,"column":1}}},"1":{"name":"getAvatarMetrics","decl":{"start":{"line":17,"column":22},"end":{"line":17,"column":38}},"loc":{"start":{"line":17,"column":86},"end":{"line":26,"column":1}}},"2":{"name":"getTryonMetrics","decl":{"start":{"line":28,"column":22},"end":{"line":28,"column":37}},"loc":{"start":{"line":28,"column":85},"end":{"line":37,"column":1}}},"3":{"name":"getProductMetrics","decl":{"start":{"line":39,"column":22},"end":{"line":39,"column":39}},"loc":{"start":{"line":39,"column":87},"end":{"line":48,"column":1}}},"4":{"name":"getShopperMetrics","decl":{"start":{"line":50,"column":22},"end":{"line":50,"column":39}},"loc":{"start":{"line":50,"column":87},"end":{"line":59,"column":1}}},"5":{"name":"getPerformanceMetrics","decl":{"start":{"line":61,"column":22},"end":{"line":61,"column":43}},"loc":{"start":{"line":61,"column":91},"end":{"line":70,"column":1}}},"6":{"name":"getDropoffFunnel","decl":{"start":{"line":72,"column":22},"end":{"line":72,"column":38}},"loc":{"start":{"line":72,"column":86},"end":{"line":81,"column":1}}}},"branchMap":{},"s":{"0":0,"1":0,"2":0,"3":0,"4":0,"5":0,"6":0,"7":0,"8":0,"9":0,"10":0,"11":0,"12":0,"13":0,"14":0,"15":0,"16":0,"17":0,"18":0,"19":0,"20":0,"21":0,"22":0,"23":0,"24":0,"25":0,"26":0,"27":0,"28":0,"29":0,"30":0,"31":0,"32":0,"33":0,"34":0,"35":0,"36":0,"37":0,"38":0,"39":0,"40":0,"41":0,"42":0,"43":0,"44":0,"45":0,"46":0,"47":0,"48":0,"49":0,"50":0,"51":0},"f":{"0":0,"1":0,"2":0,"3":0,"4":0,"5":0,"6":0},"b":{}}
,"/Users/fonkelmedia/Desktop/dsahboard-task/backend/src/controllers/recommendations.controller.ts": {"path":"/Users/fonkelmedia/Desktop/dsahboard-task/backend/src/controllers/recommendations.controller.ts","statementMap":{"0":{"start":{"line":6,"column":0},"end":{"line":6,"column":7}},"1":{"start":{"line":2,"column":0},"end":{"line":2,"column":78}},"2":{"start":{"line":3,"column":0},"end":{"line":3,"column":54}},"3":{"start":{"line":4,"column":0},"end":{"line":4,"column":39}},"4":{"start":{"line":7,"column":2},"end":{"line":14,"column":3}},"5":{"start":{"line":8,"column":4},"end":{"line":8,"column":18}},"6":{"start":{"line":9,"column":22},"end":{"line":9,"column":91}},"7":{"start":{"line":10,"column":17},"end":{"line":10,"column":69}},"8":{"start":{"line":11,"column":4},"end":{"line":11,"column":19}},"9":{"start":{"line":13,"column":4},"end":{"line":13,"column":16}}},"fnMap":{"0":{"name":"getRecommendations","decl":{"start":{"line":6,"column":22},"end":{"line":6,"column":40}},"loc":{"start":{"line":6,"column":88},"end":{"line":15,"column":1}}}},"branchMap":{},"s":{"0":0,"1":0,"2":0,"3":0,"4":0,"5":0,"6":0,"7":0,"8":0,"9":0},"f":{"0":0},"b":{}}
,"/Users/fonkelmedia/Desktop/dsahboard-task/backend/src/middleware/errorHandler.ts": {"path":"/Users/fonkelmedia/Desktop/dsahboard-task/backend/src/middleware/errorHandler.ts","statementMap":{"0":{"start":{"line":12,"column":0},"end":{"line":12,"column":16}},"1":{"start":{"line":7,"column":4},"end":{"line":7,"column":19}},"2":{"start":{"line":8,"column":4},"end":{"line":8,"column":33}},"3":{"start":{"line":3,"column":0},"end":{"line":3,"column":13}},"4":{"start":{"line":18,"column":2},"end":{"line":22,"column":3}},"5":{"start":{"line":19,"column":4},"end":{"line":21,"column":7}},"6":{"start":{"line":24,"column":2},"end":{"line":24,"column":42}},"7":{"start":{"line":25,"column":2},"end":{"line":27,"column":5}}},"fnMap":{"0":{"name":"(anonymous_0)","decl":{"start":{"line":6,"column":2},"end":{"line":6,"column":14}},"loc":{"start":{"line":6,"column":49},"end":{"line":9,"column":3}}},"1":{"name":"errorHandler","decl":{"start":{"line":12,"column":16},"end":{"line":12,"column":28}},"loc":{"start":{"line":16,"column":21},"end":{"line":28,"column":1}}}},"branchMap":{"0":{"loc":{"start":{"line":18,"column":2},"end":{"line":22,"column":3}},"type":"if","locations":[{"start":{"line":18,"column":2},"end":{"line":22,"column":3}},{"start":{},"end":{}}]}},"s":{"0":0,"1":0,"2":0,"3":0,"4":0,"5":0,"6":0,"7":0},"f":{"0":0,"1":0},"b":{"0":[0,0]}}
,"/Users/fonkelmedia/Desktop/dsahboard-task/backend/src/routes/comparison.routes.ts": {"path":"/Users/fonkelmedia/Desktop/dsahboard-task/backend/src/routes/comparison.routes.ts","statementMap":{"0":{"start":{"line":1,"column":0},"end":{"line":1,"column":33}},"1":{"start":{"line":2,"column":0},"end":{"line":2,"column":77}},"2":{"start":{"line":4,"column":15},"end":{"line":4,"column":23}},"3":{"start":{"line":6,"column":0},"end":{"line":6,"column":52}},"4":{"start":{"line":8,"column":0},"end":{"line":8,"column":22}}},"fnMap":{},"branchMap":{},"s":{"0":0,"1":0,"2":0,"3":0,"4":0},"f":{},"b":{}}
,"/Users/fonkelmedia/Desktop/dsahboard-task/backend/src/routes/index.ts": {"path":"/Users/fonkelmedia/Desktop/dsahboard-task/backend/src/routes/index.ts","statementMap":{"0":{"start":{"line":1,"column":0},"end":{"line":1,"column":33}},"1":{"start":{"line":2,"column":0},"end":{"line":2,"column":45}},"2":{"start":{"line":3,"column":0},"end":{"line":3,"column":61}},"3":{"start":{"line":4,"column":0},"end":{"line":4,"column":51}},"4":{"start":{"line":6,"column":13},"end":{"line":6,"column":31}},"5":{"start":{"line":8,"column":0},"end":{"line":8,"column":38}},"6":{"start":{"line":9,"column":0},"end":{"line":9,"column":54}},"7":{"start":{"line":10,"column":0},"end":{"line":10,"column":44}}},"fnMap":{},"branchMap":{},"s":{"0":0,"1":0,"2":0,"3":0,"4":0,"5":0,"6":0,"7":0},"f":{},"b":{}}
,"/Users/fonkelmedia/Desktop/dsahboard-task/backend/src/routes/metrics.routes.ts": {"path":"/Users/fonkelmedia/Desktop/dsahboard-task/backend/src/routes/metrics.routes.ts","statementMap":{"0":{"start":{"line":1,"column":0},"end":{"line":1,"column":33}},"1":{"start":{"line":2,"column":0},"end":{"line":2,"column":71}},"2":{"start":{"line":4,"column":15},"end":{"line":4,"column":23}},"3":{"start":{"line":6,"column":0},"end":{"line":6,"column":53}},"4":{"start":{"line":7,"column":0},"end":{"line":7,"column":59}},"5":{"start":{"line":8,"column":0},"end":{"line":8,"column":57}},"6":{"start":{"line":9,"column":0},"end":{"line":9,"column":61}},"7":{"start":{"line":10,"column":0},"end":{"line":10,"column":61}},"8":{"start":{"line":11,"column":0},"end":{"line":11,"column":68}},"9":{"start":{"line":12,"column":0},"end":{"line":12,"column":58}},"10":{"start":{"line":14,"column":0},"end":{"line":14,"column":22}}},"fnMap":{},"branchMap":{},"s":{"0":0,"1":0,"2":0,"3":0,"4":0,"5":0,"6":0,"7":0,"8":0,"9":0,"10":0},"f":{},"b":{}}
,"/Users/fonkelmedia/Desktop/dsahboard-task/backend/src/routes/recommendations.routes.ts": {"path":"/Users/fonkelmedia/Desktop/dsahboard-task/backend/src/routes/recommendations.routes.ts","statementMap":{"0":{"start":{"line":1,"column":0},"end":{"line":1,"column":33}},"1":{"start":{"line":2,"column":0},"end":{"line":2,"column":87}},"2":{"start":{"line":4,"column":15},"end":{"line":4,"column":23}},"3":{"start":{"line":6,"column":0},"end":{"line":6,"column":62}},"4":{"start":{"line":8,"column":0},"end":{"line":8,"column":22}}},"fnMap":{},"branchMap":{},"s":{"0":0,"1":0,"2":0,"3":0,"4":0},"f":{},"b":{}}
,"/Users/fonkelmedia/Desktop/dsahboard-task/backend/src/services/comparison.service.ts": {"path":"/Users/fonkelmedia/Desktop/dsahboard-task/backend/src/services/comparison.service.ts","statementMap":{"0":{"start":{"line":56,"column":0},"end":{"line":56,"column":16}},"1":{"start":{"line":2,"column":0},"end":{"line":2,"column":62}},"2":{"start":{"line":3,"column":0},"end":{"line":3,"column":52}},"3":{"start":{"line":35,"column":2},"end":{"line":37,"column":3}},"4":{"start":{"line":36,"column":4},"end":{"line":36,"column":22}},"5":{"start":{"line":38,"column":16},"end":{"line":41,"column":4}},"6":{"start":{"line":42,"column":14},"end":{"line":45,"column":4}},"7":{"start":{"line":46,"column":2},"end":{"line":46,"column":29}},"8":{"start":{"line":50,"column":2},"end":{"line":52,"column":3}},"9":{"start":{"line":51,"column":4},"end":{"line":51,"column":33}},"10":{"start":{"line":53,"column":2},"end":{"line":53,"column":61}},"11":{"start":{"line":57,"column":25},"end":{"line":57,"column":68}},"12":{"start":{"line":58,"column":29},"end":{"line":58,"column":76}},"13":{"start":{"line":60,"column":25},"end":{"line":60,"column":58}},"14":{"start":{"line":61,"column":26},"end":{"line":61,"column":74}},"15":{"start":{"line":62,"column":30},"end":{"line":62,"column":82}},"16":{"start":{"line":64,"column":2},"end":{"line":91,"column":4}}},"fnMap":{"0":{"name":"formatPeriod","decl":{"start":{"line":34,"column":9},"end":{"line":34,"column":21}},"loc":{"start":{"line":34,"column":42},"end":{"line":47,"column":1}}},"1":{"name":"calculateChange","decl":{"start":{"line":49,"column":9},"end":{"line":49,"column":24}},"loc":{"start":{"line":49,"column":58},"end":{"line":54,"column":1}}},"2":{"name":"getComparisonMetrics","decl":{"start":{"line":56,"column":16},"end":{"line":56,"column":36}},"loc":{"start":{"line":56,"column":57},"end":{"line":92,"column":1}}}},"branchMap":{"0":{"loc":{"start":{"line":35,"column":2},"end":{"line":37,"column":3}},"type":"if","locations":[{"start":{"line":35,"column":2},"end":{"line":37,"column":3}},{"start":{},"end":{}}]},"1":{"loc":{"start":{"line":35,"column":6},"end":{"line":35,"column":48}},"type":"binary-expr","locations":[{"start":{"line":35,"column":6},"end":{"line":35,"column":26}},{"start":{"line":35,"column":30},"end":{"line":35,"column":48}}]},"2":{"loc":{"start":{"line":50,"column":2},"end":{"line":52,"column":3}},"type":"if","locations":[{"start":{"line":50,"column":2},"end":{"line":52,"column":3}},{"start":{},"end":{}}]},"3":{"loc":{"start":{"line":51,"column":11},"end":{"line":51,"column":32}},"type":"cond-expr","locations":[{"start":{"line":51,"column":25},"end":{"line":51,"column":28}},{"start":{"line":51,"column":31},"end":{"line":51,"column":32}}]}},"s":{"0":0,"1":0,"2":0,"3":0,"4":0,"5":0,"6":0,"7":0,"8":0,"9":0,"10":0,"11":0,"12":0,"13":0,"14":0,"15":0,"16":0},"f":{"0":0,"1":0,"2":0},"b":{"0":[0,0],"1":[0,0],"2":[0,0],"3":[0,0]}}
,"/Users/fonkelmedia/Desktop/dsahboard-task/backend/src/services/metrics.service.ts": {"path":"/Users/fonkelmedia/Desktop/dsahboard-task/backend/src/services/metrics.service.ts","statementMap":{"0":{"start":{"line":18,"column":0},"end":{"line":18,"column":16}},"1":{"start":{"line":70,"column":0},"end":{"line":70,"column":16}},"2":{"start":{"line":98,"column":0},"end":{"line":98,"column":16}},"3":{"start":{"line":143,"column":0},"end":{"line":143,"column":16}},"4":{"start":{"line":181,"column":0},"end":{"line":181,"column":16}},"5":{"start":{"line":248,"column":0},"end":{"line":248,"column":16}},"6":{"start":{"line":313,"column":0},"end":{"line":313,"column":16}},"7":{"start":{"line":2,"column":0},"end":{"line":2,"column":110}},"8":{"start":{"line":4,"column":0},"end":{"line":4,"column":49}},"9":{"start":{"line":5,"column":0},"end":{"line":5,"column":47}},"10":{"start":{"line":6,"column":0},"end":{"line":6,"column":45}},"11":{"start":{"line":7,"column":0},"end":{"line":7,"column":49}},"12":{"start":{"line":8,"column":0},"end":{"line":8,"column":45}},"13":{"start":{"line":9,"column":0},"end":{"line":9,"column":60}},"14":{"start":{"line":11,"column":17},"end":{"line":11,"column":38}},"15":{"start":{"line":12,"column":16},"end":{"line":12,"column":36}},"16":{"start":{"line":13,"column":15},"end":{"line":13,"column":34}},"17":{"start":{"line":14,"column":17},"end":{"line":14,"column":38}},"18":{"start":{"line":15,"column":15},"end":{"line":15,"column":34}},"19":{"start":{"line":16,"column":17},"end":{"line":16,"column":38}},"20":{"start":{"line":19,"column":26},"end":{"line":19,"column":63}},"21":{"start":{"line":20,"column":25},"end":{"line":20,"column":61}},"22":{"start":{"line":21,"column":27},"end":{"line":21,"column":65}},"23":{"start":{"line":23,"column":28},"end":{"line":23,"column":66}},"24":{"start":{"line":23,"column":56},"end":{"line":23,"column":65}},"25":{"start":{"line":24,"column":27},"end":{"line":24,"column":64}},"26":{"start":{"line":24,"column":54},"end":{"line":24,"column":63}},"27":{"start":{"line":25,"column":30},"end":{"line":25,"column":81}},"28":{"start":{"line":25,"column":59},"end":{"line":25,"column":80}},"29":{"start":{"line":27,"column":24},"end":{"line":27,"column":39}},"30":{"start":{"line":28,"column":26},"end":{"line":28,"column":64}},"31":{"start":{"line":28,"column":47},"end":{"line":28,"column":56}},"32":{"start":{"line":30,"column":21},"end":{"line":32,"column":7}},"33":{"start":{"line":31,"column":53},"end":{"line":31,"column":77}},"34":{"start":{"line":34,"column":31},"end":{"line":36,"column":7}},"35":{"start":{"line":38,"column":30},"end":{"line":40,"column":7}},"36":{"start":{"line":39,"column":50},"end":{"line":39,"column":60}},"37":{"start":{"line":43,"column":25},"end":{"line":43,"column":58}},"38":{"start":{"line":44,"column":22},"end":{"line":44,"column":87}},"39":{"start":{"line":44,"column":77},"end":{"line":44,"column":86}},"40":{"start":{"line":45,"column":23},"end":{"line":45,"column":66}},"41":{"start":{"line":46,"column":21},"end":{"line":46,"column":85}},"42":{"start":{"line":46,"column":75},"end":{"line":46,"column":84}},"43":{"start":{"line":47,"column":24},"end":{"line":47,"column":71}},"44":{"start":{"line":47,"column":49},"end":{"line":47,"column":70}},"45":{"start":{"line":48,"column":29},"end":{"line":50,"column":7}},"46":{"start":{"line":52,"column":2},"end":{"line":67,"column":4}},"47":{"start":{"line":71,"column":26},"end":{"line":71,"column":63}},"48":{"start":{"line":72,"column":21},"end":{"line":72,"column":59}},"49":{"start":{"line":72,"column":49},"end":{"line":72,"column":58}},"50":{"start":{"line":73,"column":17},"end":{"line":73,"column":56}},"51":{"start":{"line":73,"column":45},"end":{"line":73,"column":55}},"52":{"start":{"line":74,"column":27},"end":{"line":74,"column":65}},"53":{"start":{"line":75,"column":30},"end":{"line":75,"column":81}},"54":{"start":{"line":75,"column":59},"end":{"line":75,"column":80}},"55":{"start":{"line":77,"column":21},"end":{"line":79,"column":7}},"56":{"start":{"line":78,"column":47},"end":{"line":78,"column":71}},"57":{"start":{"line":81,"column":18},"end":{"line":81,"column":46}},"58":{"start":{"line":82,"column":19},"end":{"line":84,"column":49}},"59":{"start":{"line":83,"column":29},"end":{"line":83,"column":81}},"60":{"start":{"line":83,"column":62},"end":{"line":83,"column":71}},"61":{"start":{"line":84,"column":20},"end":{"line":84,"column":48}},"62":{"start":{"line":86,"column":2},"end":{"line":95,"column":4}},"63":{"start":{"line":99,"column":25},"end":{"line":99,"column":61}},"64":{"start":{"line":100,"column":21},"end":{"line":100,"column":58}},"65":{"start":{"line":100,"column":48},"end":{"line":100,"column":57}},"66":{"start":{"line":101,"column":17},"end":{"line":101,"column":55}},"67":{"start":{"line":101,"column":44},"end":{"line":101,"column":54}},"68":{"start":{"line":103,"column":21},"end":{"line":105,"column":7}},"69":{"start":{"line":104,"column":47},"end":{"line":104,"column":71}},"70":{"start":{"line":107,"column":21},"end":{"line":107,"column":58}},"71":{"start":{"line":107,"column":47},"end":{"line":107,"column":56}},"72":{"start":{"line":108,"column":48},"end":{"line":108,"column":88}},"73":{"start":{"line":110,"column":2},"end":{"line":115,"column":3}},"74":{"start":{"line":111,"column":20},"end":{"line":111,"column":51}},"75":{"start":{"line":112,"column":4},"end":{"line":114,"column":5}},"76":{"start":{"line":113,"column":6},"end":{"line":113,"column":40}},"77":{"start":{"line":117,"column":21},"end":{"line":120,"column":5}},"78":{"start":{"line":117,"column":79},"end":{"line":120,"column":4}},"79":{"start":{"line":122,"column":18},"end":{"line":122,"column":45}},"80":{"start":{"line":123,"column":19},"end":{"line":125,"column":49}},"81":{"start":{"line":124,"column":29},"end":{"line":124,"column":81}},"82":{"start":{"line":124,"column":62},"end":{"line":124,"column":71}},"83":{"start":{"line":125,"column":20},"end":{"line":125,"column":48}},"84":{"start":{"line":127,"column":24},"end":{"line":127,"column":64}},"85":{"start":{"line":127,"column":52},"end":{"line":127,"column":62}},"86":{"start":{"line":128,"column":21},"end":{"line":130,"column":7}},"87":{"start":{"line":132,"column":2},"end":{"line":140,"column":4}},"88":{"start":{"line":144,"column":25},"end":{"line":144,"column":61}},"89":{"start":{"line":145,"column":27},"end":{"line":145,"column":64}},"90":{"start":{"line":145,"column":54},"end":{"line":145,"column":63}},"91":{"start":{"line":147,"column":24},"end":{"line":147,"column":39}},"92":{"start":{"line":148,"column":26},"end":{"line":148,"column":64}},"93":{"start":{"line":148,"column":47},"end":{"line":148,"column":56}},"94":{"start":{"line":150,"column":21},"end":{"line":150,"column":54}},"95":{"start":{"line":151,"column":21},"end":{"line":155,"column":5}},"96":{"start":{"line":151,"column":44},"end":{"line":155,"column":4}},"97":{"start":{"line":153,"column":32},"end":{"line":153,"column":50}},"98":{"start":{"line":154,"column":34},"end":{"line":154,"column":65}},"99":{"start":{"line":157,"column":46},"end":{"line":157,"column":48}},"100":{"start":{"line":158,"column":2},"end":{"line":160,"column":3}},"101":{"start":{"line":159,"column":4},"end":{"line":159,"column":75}},"102":{"start":{"line":162,"column":21},"end":{"line":162,"column":58}},"103":{"start":{"line":162,"column":47},"end":{"line":162,"column":56}},"104":{"start":{"line":163,"column":22},"end":{"line":170,"column":7}},"105":{"start":{"line":164,"column":20},"end":{"line":164,"column":31}},"106":{"start":{"line":166,"column":27},"end":{"line":170,"column":6}},"107":{"start":{"line":172,"column":2},"end":{"line":178,"column":4}},"108":{"start":{"line":182,"column":27},"end":{"line":182,"column":65}},"109":{"start":{"line":183,"column":27},"end":{"line":183,"column":65}},"110":{"start":{"line":184,"column":30},"end":{"line":184,"column":81}},"111":{"start":{"line":184,"column":59},"end":{"line":184,"column":80}},"112":{"start":{"line":186,"column":23},"end":{"line":192,"column":4}},"113":{"start":{"line":194,"column":29},"end":{"line":197,"column":5}},"114":{"start":{"line":194,"column":52},"end":{"line":197,"column":4}},"115":{"start":{"line":196,"column":40},"end":{"line":196,"column":82}},"116":{"start":{"line":199,"column":20},"end":{"line":204,"column":4}},"117":{"start":{"line":206,"column":26},"end":{"line":209,"column":5}},"118":{"start":{"line":206,"column":46},"end":{"line":209,"column":4}},"119":{"start":{"line":208,"column":40},"end":{"line":208,"column":72}},"120":{"start":{"line":211,"column":47},"end":{"line":211,"column":49}},"121":{"start":{"line":212,"column":2},"end":{"line":214,"column":3}},"122":{"start":{"line":213,"column":4},"end":{"line":213,"column":63}},"123":{"start":{"line":215,"column":29},"end":{"line":218,"column":5}},"124":{"start":{"line":215,"column":84},"end":{"line":218,"column":4}},"125":{"start":{"line":220,"column":48},"end":{"line":220,"column":50}},"126":{"start":{"line":221,"column":2},"end":{"line":223,"column":3}},"127":{"start":{"line":222,"column":4},"end":{"line":222,"column":67}},"128":{"start":{"line":224,"column":30},"end":{"line":226,"column":52}},"129":{"start":{"line":225,"column":20},"end":{"line":225,"column":31}},"130":{"start":{"line":226,"column":32},"end":{"line":226,"column":50}},"131":{"start":{"line":228,"column":45},"end":{"line":228,"column":47}},"132":{"start":{"line":229,"column":2},"end":{"line":231,"column":3}},"133":{"start":{"line":230,"column":4},"end":{"line":230,"column":79}},"134":{"start":{"line":232,"column":20},"end":{"line":232,"column":90}},"135":{"start":{"line":233,"column":30},"end":{"line":235,"column":46}},"136":{"start":{"line":234,"column":20},"end":{"line":234,"column":69}},"137":{"start":{"line":235,"column":29},"end":{"line":235,"column":44}},"138":{"start":{"line":237,"column":2},"end":{"line":245,"column":4}},"139":{"start":{"line":249,"column":26},"end":{"line":249,"column":63}},"140":{"start":{"line":250,"column":25},"end":{"line":250,"column":61}},"141":{"start":{"line":252,"column":28},"end":{"line":252,"column":66}},"142":{"start":{"line":252,"column":56},"end":{"line":252,"column":65}},"143":{"start":{"line":253,"column":27},"end":{"line":253,"column":64}},"144":{"start":{"line":253,"column":54},"end":{"line":253,"column":63}},"145":{"start":{"line":255,"column":27},"end":{"line":257,"column":7}},"146":{"start":{"line":256,"column":54},"end":{"line":256,"column":78}},"147":{"start":{"line":259,"column":26},"end":{"line":261,"column":7}},"148":{"start":{"line":260,"column":53},"end":{"line":260,"column":77}},"149":{"start":{"line":263,"column":26},"end":{"line":265,"column":7}},"150":{"start":{"line":267,"column":25},"end":{"line":269,"column":7}},"151":{"start":{"line":271,"column":24},"end":{"line":271,"column":52}},"152":{"start":{"line":272,"column":23},"end":{"line":272,"column":50}},"153":{"start":{"line":274,"column":19},"end":{"line":274,"column":77}},"154":{"start":{"line":275,"column":22},"end":{"line":275,"column":49}},"155":{"start":{"line":277,"column":26},"end":{"line":290,"column":4}},"156":{"start":{"line":278,"column":24},"end":{"line":278,"column":78}},"157":{"start":{"line":278,"column":68},"end":{"line":278,"column":77}},"158":{"start":{"line":279,"column":23},"end":{"line":279,"column":76}},"159":{"start":{"line":279,"column":66},"end":{"line":279,"column":75}},"160":{"start":{"line":281,"column":4},"end":{"line":289,"column":6}},"161":{"start":{"line":284,"column":52},"end":{"line":284,"column":76}},"162":{"start":{"line":287,"column":51},"end":{"line":287,"column":75}},"163":{"start":{"line":292,"column":24},"end":{"line":301,"column":4}},"164":{"start":{"line":293,"column":24},"end":{"line":293,"column":53}},"165":{"start":{"line":294,"column":23},"end":{"line":294,"column":51}},"166":{"start":{"line":296,"column":4},"end":{"line":300,"column":6}},"167":{"start":{"line":298,"column":44},"end":{"line":298,"column":54}},"168":{"start":{"line":299,"column":42},"end":{"line":299,"column":52}},"169":{"start":{"line":303,"column":2},"end":{"line":310,"column":4}},"170":{"start":{"line":314,"column":25},"end":{"line":314,"column":61}},"171":{"start":{"line":316,"column":17},"end":{"line":322,"column":4}},"172":{"start":{"line":324,"column":22},"end":{"line":327,"column":5}},"173":{"start":{"line":324,"column":39},"end":{"line":327,"column":4}},"174":{"start":{"line":326,"column":46},"end":{"line":326,"column":63}},"175":{"start":{"line":326,"column":74},"end":{"line":326,"column":85}},"176":{"start":{"line":329,"column":23},"end":{"line":329,"column":48}},"177":{"start":{"line":331,"column":2},"end":{"line":334,"column":6}},"178":{"start":{"line":331,"column":31},"end":{"line":334,"column":4}}},"fnMap":{"0":{"name":"getSummaryMetrics","decl":{"start":{"line":18,"column":16},"end":{"line":18,"column":33}},"loc":{"start":{"line":18,"column":54},"end":{"line":68,"column":1}}},"1":{"name":"(anonymous_2)","decl":{"start":{"line":23,"column":51},"end":{"line":23,"column":52}},"loc":{"start":{"line":23,"column":56},"end":{"line":23,"column":65}}},"2":{"name":"(anonymous_3)","decl":{"start":{"line":24,"column":49},"end":{"line":24,"column":50}},"loc":{"start":{"line":24,"column":54},"end":{"line":24,"column":63}}},"3":{"name":"(anonymous_4)","decl":{"start":{"line":25,"column":54},"end":{"line":25,"column":55}},"loc":{"start":{"line":25,"column":59},"end":{"line":25,"column":80}}},"4":{"name":"(anonymous_5)","decl":{"start":{"line":28,"column":42},"end":{"line":28,"column":43}},"loc":{"start":{"line":28,"column":47},"end":{"line":28,"column":56}}},"5":{"name":"(anonymous_6)","decl":{"start":{"line":31,"column":41},"end":{"line":31,"column":42}},"loc":{"start":{"line":31,"column":53},"end":{"line":31,"column":77}}},"6":{"name":"(anonymous_7)","decl":{"start":{"line":39,"column":45},"end":{"line":39,"column":46}},"loc":{"start":{"line":39,"column":50},"end":{"line":39,"column":60}}},"7":{"name":"(anonymous_8)","decl":{"start":{"line":44,"column":72},"end":{"line":44,"column":73}},"loc":{"start":{"line":44,"column":77},"end":{"line":44,"column":86}}},"8":{"name":"(anonymous_9)","decl":{"start":{"line":46,"column":70},"end":{"line":46,"column":71}},"loc":{"start":{"line":46,"column":75},"end":{"line":46,"column":84}}},"9":{"name":"(anonymous_10)","decl":{"start":{"line":47,"column":44},"end":{"line":47,"column":45}},"loc":{"start":{"line":47,"column":49},"end":{"line":47,"column":70}}},"10":{"name":"getAvatarMetrics","decl":{"start":{"line":70,"column":16},"end":{"line":70,"column":32}},"loc":{"start":{"line":70,"column":53},"end":{"line":96,"column":1}}},"11":{"name":"(anonymous_12)","decl":{"start":{"line":72,"column":44},"end":{"line":72,"column":45}},"loc":{"start":{"line":72,"column":49},"end":{"line":72,"column":58}}},"12":{"name":"(anonymous_13)","decl":{"start":{"line":73,"column":40},"end":{"line":73,"column":41}},"loc":{"start":{"line":73,"column":45},"end":{"line":73,"column":55}}},"13":{"name":"(anonymous_14)","decl":{"start":{"line":75,"column":54},"end":{"line":75,"column":55}},"loc":{"start":{"line":75,"column":59},"end":{"line":75,"column":80}}},"14":{"name":"(anonymous_15)","decl":{"start":{"line":78,"column":35},"end":{"line":78,"column":36}},"loc":{"start":{"line":78,"column":47},"end":{"line":78,"column":71}}},"15":{"name":"(anonymous_16)","decl":{"start":{"line":83,"column":9},"end":{"line":83,"column":10}},"loc":{"start":{"line":83,"column":29},"end":{"line":83,"column":81}}},"16":{"name":"(anonymous_17)","decl":{"start":{"line":83,"column":57},"end":{"line":83,"column":58}},"loc":{"start":{"line":83,"column":62},"end":{"line":83,"column":71}}},"17":{"name":"(anonymous_18)","decl":{"start":{"line":84,"column":10},"end":{"line":84,"column":11}},"loc":{"start":{"line":84,"column":20},"end":{"line":84,"column":48}}},"18":{"name":"getTryonMetrics","decl":{"start":{"line":98,"column":16},"end":{"line":98,"column":31}},"loc":{"start":{"line":98,"column":52},"end":{"line":141,"column":1}}},"19":{"name":"(anonymous_20)","decl":{"start":{"line":100,"column":43},"end":{"line":100,"column":44}},"loc":{"start":{"line":100,"column":48},"end":{"line":100,"column":57}}},"20":{"name":"(anonymous_21)","decl":{"start":{"line":101,"column":39},"end":{"line":101,"column":40}},"loc":{"start":{"line":101,"column":44},"end":{"line":101,"column":54}}},"21":{"name":"(anonymous_22)","decl":{"start":{"line":104,"column":35},"end":{"line":104,"column":36}},"loc":{"start":{"line":104,"column":47},"end":{"line":104,"column":71}}},"22":{"name":"(anonymous_23)","decl":{"start":{"line":107,"column":42},"end":{"line":107,"column":43}},"loc":{"start":{"line":107,"column":47},"end":{"line":107,"column":56}}},"23":{"name":"(anonymous_24)","decl":{"start":{"line":117,"column":55},"end":{"line":117,"column":56}},"loc":{"start":{"line":117,"column":79},"end":{"line":120,"column":4}}},"24":{"name":"(anonymous_25)","decl":{"start":{"line":124,"column":9},"end":{"line":124,"column":10}},"loc":{"start":{"line":124,"column":29},"end":{"line":124,"column":81}}},"25":{"name":"(anonymous_26)","decl":{"start":{"line":124,"column":57},"end":{"line":124,"column":58}},"loc":{"start":{"line":124,"column":62},"end":{"line":124,"column":71}}},"26":{"name":"(anonymous_27)","decl":{"start":{"line":125,"column":10},"end":{"line":125,"column":11}},"loc":{"start":{"line":125,"column":20},"end":{"line":125,"column":48}}},"27":{"name":"(anonymous_28)","decl":{"start":{"line":127,"column":47},"end":{"line":127,"column":48}},"loc":{"start":{"line":127,"column":52},"end":{"line":127,"column":62}}},"28":{"name":"getProductMetrics","decl":{"start":{"line":143,"column":16},"end":{"line":143,"column":33}},"loc":{"start":{"line":143,"column":54},"end":{"line":179,"column":1}}},"29":{"name":"(anonymous_30)","decl":{"start":{"line":145,"column":49},"end":{"line":145,"column":50}},"loc":{"start":{"line":145,"column":54},"end":{"line":145,"column":63}}},"30":{"name":"(anonymous_31)","decl":{"start":{"line":148,"column":42},"end":{"line":148,"column":43}},"loc":{"start":{"line":148,"column":47},"end":{"line":148,"column":56}}},"31":{"name":"(anonymous_32)","decl":{"start":{"line":151,"column":36},"end":{"line":151,"column":39}},"loc":{"start":{"line":151,"column":44},"end":{"line":155,"column":4}}},"32":{"name":"(anonymous_33)","decl":{"start":{"line":153,"column":27},"end":{"line":153,"column":28}},"loc":{"start":{"line":153,"column":32},"end":{"line":153,"column":50}}},"33":{"name":"(anonymous_34)","decl":{"start":{"line":154,"column":29},"end":{"line":154,"column":30}},"loc":{"start":{"line":154,"column":34},"end":{"line":154,"column":65}}},"34":{"name":"(anonymous_35)","decl":{"start":{"line":162,"column":42},"end":{"line":162,"column":43}},"loc":{"start":{"line":162,"column":47},"end":{"line":162,"column":56}}},"35":{"name":"(anonymous_36)","decl":{"start":{"line":164,"column":10},"end":{"line":164,"column":11}},"loc":{"start":{"line":164,"column":20},"end":{"line":164,"column":31}}},"36":{"name":"(anonymous_37)","decl":{"start":{"line":166,"column":9},"end":{"line":166,"column":10}},"loc":{"start":{"line":166,"column":27},"end":{"line":170,"column":6}}},"37":{"name":"getShopperMetrics","decl":{"start":{"line":181,"column":16},"end":{"line":181,"column":33}},"loc":{"start":{"line":181,"column":54},"end":{"line":246,"column":1}}},"38":{"name":"(anonymous_39)","decl":{"start":{"line":184,"column":54},"end":{"line":184,"column":55}},"loc":{"start":{"line":184,"column":59},"end":{"line":184,"column":80}}},"39":{"name":"(anonymous_40)","decl":{"start":{"line":194,"column":46},"end":{"line":194,"column":47}},"loc":{"start":{"line":194,"column":52},"end":{"line":197,"column":4}}},"40":{"name":"(anonymous_41)","decl":{"start":{"line":196,"column":35},"end":{"line":196,"column":36}},"loc":{"start":{"line":196,"column":40},"end":{"line":196,"column":82}}},"41":{"name":"(anonymous_42)","decl":{"start":{"line":206,"column":40},"end":{"line":206,"column":41}},"loc":{"start":{"line":206,"column":46},"end":{"line":209,"column":4}}},"42":{"name":"(anonymous_43)","decl":{"start":{"line":208,"column":35},"end":{"line":208,"column":36}},"loc":{"start":{"line":208,"column":40},"end":{"line":208,"column":72}}},"43":{"name":"(anonymous_44)","decl":{"start":{"line":215,"column":62},"end":{"line":215,"column":63}},"loc":{"start":{"line":215,"column":84},"end":{"line":218,"column":4}}},"44":{"name":"(anonymous_45)","decl":{"start":{"line":225,"column":10},"end":{"line":225,"column":11}},"loc":{"start":{"line":225,"column":20},"end":{"line":225,"column":31}}},"45":{"name":"(anonymous_46)","decl":{"start":{"line":226,"column":9},"end":{"line":226,"column":10}},"loc":{"start":{"line":226,"column":32},"end":{"line":226,"column":50}}},"46":{"name":"(anonymous_47)","decl":{"start":{"line":234,"column":10},"end":{"line":234,"column":11}},"loc":{"start":{"line":234,"column":20},"end":{"line":234,"column":69}}},"47":{"name":"(anonymous_48)","decl":{"start":{"line":235,"column":9},"end":{"line":235,"column":10}},"loc":{"start":{"line":235,"column":29},"end":{"line":235,"column":44}}},"48":{"name":"getPerformanceMetrics","decl":{"start":{"line":248,"column":16},"end":{"line":248,"column":37}},"loc":{"start":{"line":248,"column":58},"end":{"line":311,"column":1}}},"49":{"name":"(anonymous_50)","decl":{"start":{"line":252,"column":51},"end":{"line":252,"column":52}},"loc":{"start":{"line":252,"column":56},"end":{"line":252,"column":65}}},"50":{"name":"(anonymous_51)","decl":{"start":{"line":253,"column":49},"end":{"line":253,"column":50}},"loc":{"start":{"line":253,"column":54},"end":{"line":253,"column":63}}},"51":{"name":"(anonymous_52)","decl":{"start":{"line":256,"column":42},"end":{"line":256,"column":43}},"loc":{"start":{"line":256,"column":54},"end":{"line":256,"column":78}}},"52":{"name":"(anonymous_53)","decl":{"start":{"line":260,"column":41},"end":{"line":260,"column":42}},"loc":{"start":{"line":260,"column":53},"end":{"line":260,"column":77}}},"53":{"name":"(anonymous_54)","decl":{"start":{"line":277,"column":42},"end":{"line":277,"column":46}},"loc":{"start":{"line":277,"column":49},"end":{"line":290,"column":3}}},"54":{"name":"(anonymous_55)","decl":{"start":{"line":278,"column":63},"end":{"line":278,"column":64}},"loc":{"start":{"line":278,"column":68},"end":{"line":278,"column":77}}},"55":{"name":"(anonymous_56)","decl":{"start":{"line":279,"column":61},"end":{"line":279,"column":62}},"loc":{"start":{"line":279,"column":66},"end":{"line":279,"column":75}}},"56":{"name":"(anonymous_57)","decl":{"start":{"line":284,"column":40},"end":{"line":284,"column":41}},"loc":{"start":{"line":284,"column":52},"end":{"line":284,"column":76}}},"57":{"name":"(anonymous_58)","decl":{"start":{"line":287,"column":39},"end":{"line":287,"column":40}},"loc":{"start":{"line":287,"column":51},"end":{"line":287,"column":75}}},"58":{"name":"(anonymous_59)","decl":{"start":{"line":292,"column":40},"end":{"line":292,"column":44}},"loc":{"start":{"line":292,"column":47},"end":{"line":301,"column":3}}},"59":{"name":"(anonymous_60)","decl":{"start":{"line":298,"column":39},"end":{"line":298,"column":40}},"loc":{"start":{"line":298,"column":44},"end":{"line":298,"column":54}}},"60":{"name":"(anonymous_61)","decl":{"start":{"line":299,"column":37},"end":{"line":299,"column":38}},"loc":{"start":{"line":299,"column":42},"end":{"line":299,"column":52}}},"61":{"name":"getDropoffFunnel","decl":{"start":{"line":313,"column":16},"end":{"line":313,"column":32}},"loc":{"start":{"line":313,"column":53},"end":{"line":335,"column":1}}},"62":{"name":"(anonymous_63)","decl":{"start":{"line":324,"column":33},"end":{"line":324,"column":34}},"loc":{"start":{"line":324,"column":39},"end":{"line":327,"column":4}}},"63":{"name":"(anonymous_64)","decl":{"start":{"line":326,"column":41},"end":{"line":326,"column":42}},"loc":{"start":{"line":326,"column":46},"end":{"line":326,"column":63}}},"64":{"name":"(anonymous_65)","decl":{"start":{"line":326,"column":69},"end":{"line":326,"column":70}},"loc":{"start":{"line":326,"column":74},"end":{"line":326,"column":85}}},"65":{"name":"(anonymous_66)","decl":{"start":{"line":331,"column":25},"end":{"line":331,"column":26}},"loc":{"start":{"line":331,"column":31},"end":{"line":334,"column":4}}}},"branchMap":{"0":{"loc":{"start":{"line":30,"column":21},"end":{"line":32,"column":7}},"type":"cond-expr","locations":[{"start":{"line":31,"column":6},"end":{"line":31,"column":108}},{"start":{"line":32,"column":6},"end":{"line":32,"column":7}}]},"1":{"loc":{"start":{"line":34,"column":31},"end":{"line":36,"column":7}},"type":"cond-expr","locations":[{"start":{"line":35,"column":6},"end":{"line":35,"column":78}},{"start":{"line":36,"column":6},"end":{"line":36,"column":7}}]},"2":{"loc":{"start":{"line":38,"column":30},"end":{"line":40,"column":7}},"type":"cond-expr","locations":[{"start":{"line":39,"column":6},"end":{"line":39,"column":102}},{"start":{"line":40,"column":6},"end":{"line":40,"column":7}}]},"3":{"loc":{"start":{"line":48,"column":29},"end":{"line":50,"column":7}},"type":"cond-expr","locations":[{"start":{"line":49,"column":6},"end":{"line":49,"column":68}},{"start":{"line":50,"column":6},"end":{"line":50,"column":7}}]},"4":{"loc":{"start":{"line":59,"column":15},"end":{"line":61,"column":9}},"type":"cond-expr","locations":[{"start":{"line":60,"column":8},"end":{"line":60,"column":101}},{"start":{"line":61,"column":8},"end":{"line":61,"column":9}}]},"5":{"loc":{"start":{"line":77,"column":21},"end":{"line":79,"column":7}},"type":"cond-expr","locations":[{"start":{"line":78,"column":6},"end":{"line":78,"column":96}},{"start":{"line":79,"column":6},"end":{"line":79,"column":7}}]},"6":{"loc":{"start":{"line":90,"column":20},"end":{"line":92,"column":9}},"type":"cond-expr","locations":[{"start":{"line":91,"column":8},"end":{"line":91,"column":80}},{"start":{"line":92,"column":8},"end":{"line":92,"column":9}}]},"7":{"loc":{"start":{"line":103,"column":21},"end":{"line":105,"column":7}},"type":"cond-expr","locations":[{"start":{"line":104,"column":6},"end":{"line":104,"column":96}},{"start":{"line":105,"column":6},"end":{"line":105,"column":7}}]},"8":{"loc":{"start":{"line":112,"column":4},"end":{"line":114,"column":5}},"type":"if","locations":[{"start":{"line":112,"column":4},"end":{"line":114,"column":5}},{"start":{},"end":{}}]},"9":{"loc":{"start":{"line":128,"column":21},"end":{"line":130,"column":7}},"type":"cond-expr","locations":[{"start":{"line":129,"column":6},"end":{"line":129,"column":68}},{"start":{"line":130,"column":6},"end":{"line":130,"column":7}}]},"10":{"loc":{"start":{"line":154,"column":34},"end":{"line":154,"column":65}},"type":"binary-expr","locations":[{"start":{"line":154,"column":34},"end":{"line":154,"column":52}},{"start":{"line":154,"column":56},"end":{"line":154,"column":65}}]},"11":{"loc":{"start":{"line":159,"column":36},"end":{"line":159,"column":69}},"type":"binary-expr","locations":[{"start":{"line":159,"column":36},"end":{"line":159,"column":64}},{"start":{"line":159,"column":68},"end":{"line":159,"column":69}}]},"12":{"loc":{"start":{"line":168,"column":12},"end":{"line":168,"column":49}},"type":"binary-expr","locations":[{"start":{"line":168,"column":12},"end":{"line":168,"column":36}},{"start":{"line":168,"column":40},"end":{"line":168,"column":49}}]},"13":{"loc":{"start":{"line":196,"column":40},"end":{"line":196,"column":82}},"type":"binary-expr","locations":[{"start":{"line":196,"column":40},"end":{"line":196,"column":59}},{"start":{"line":196,"column":63},"end":{"line":196,"column":82}}]},"14":{"loc":{"start":{"line":208,"column":40},"end":{"line":208,"column":72}},"type":"binary-expr","locations":[{"start":{"line":208,"column":40},"end":{"line":208,"column":54}},{"start":{"line":208,"column":58},"end":{"line":208,"column":72}}]},"15":{"loc":{"start":{"line":213,"column":30},"end":{"line":213,"column":57}},"type":"binary-expr","locations":[{"start":{"line":213,"column":30},"end":{"line":213,"column":52}},{"start":{"line":213,"column":56},"end":{"line":213,"column":57}}]},"16":{"loc":{"start":{"line":222,"column":32},"end":{"line":222,"column":61}},"type":"binary-expr","locations":[{"start":{"line":222,"column":32},"end":{"line":222,"column":56}},{"start":{"line":222,"column":60},"end":{"line":222,"column":61}}]},"17":{"loc":{"start":{"line":230,"column":38},"end":{"line":230,"column":73}},"type":"binary-expr","locations":[{"start":{"line":230,"column":38},"end":{"line":230,"column":68}},{"start":{"line":230,"column":72},"end":{"line":230,"column":73}}]},"18":{"loc":{"start":{"line":255,"column":27},"end":{"line":257,"column":7}},"type":"cond-expr","locations":[{"start":{"line":256,"column":6},"end":{"line":256,"column":110}},{"start":{"line":257,"column":6},"end":{"line":257,"column":7}}]},"19":{"loc":{"start":{"line":259,"column":26},"end":{"line":261,"column":7}},"type":"cond-expr","locations":[{"start":{"line":260,"column":6},"end":{"line":260,"column":108}},{"start":{"line":261,"column":6},"end":{"line":261,"column":7}}]},"20":{"loc":{"start":{"line":263,"column":26},"end":{"line":265,"column":7}},"type":"cond-expr","locations":[{"start":{"line":264,"column":6},"end":{"line":264,"column":102}},{"start":{"line":265,"column":6},"end":{"line":265,"column":7}}]},"21":{"loc":{"start":{"line":267,"column":25},"end":{"line":269,"column":7}},"type":"cond-expr","locations":[{"start":{"line":268,"column":6},"end":{"line":268,"column":99}},{"start":{"line":269,"column":6},"end":{"line":269,"column":7}}]},"22":{"loc":{"start":{"line":278,"column":25},"end":{"line":278,"column":54}},"type":"binary-expr","locations":[{"start":{"line":278,"column":25},"end":{"line":278,"column":48}},{"start":{"line":278,"column":52},"end":{"line":278,"column":54}}]},"23":{"loc":{"start":{"line":279,"column":24},"end":{"line":279,"column":52}},"type":"binary-expr","locations":[{"start":{"line":279,"column":24},"end":{"line":279,"column":46}},{"start":{"line":279,"column":50},"end":{"line":279,"column":52}}]},"24":{"loc":{"start":{"line":283,"column":14},"end":{"line":285,"column":11}},"type":"cond-expr","locations":[{"start":{"line":284,"column":10},"end":{"line":284,"column":102}},{"start":{"line":285,"column":10},"end":{"line":285,"column":11}}]},"25":{"loc":{"start":{"line":286,"column":13},"end":{"line":288,"column":11}},"type":"cond-expr","locations":[{"start":{"line":287,"column":10},"end":{"line":287,"column":100}},{"start":{"line":288,"column":10},"end":{"line":288,"column":11}}]},"26":{"loc":{"start":{"line":293,"column":24},"end":{"line":293,"column":53}},"type":"binary-expr","locations":[{"start":{"line":293,"column":24},"end":{"line":293,"column":47}},{"start":{"line":293,"column":51},"end":{"line":293,"column":53}}]},"27":{"loc":{"start":{"line":294,"column":23},"end":{"line":294,"column":51}},"type":"binary-expr","locations":[{"start":{"line":294,"column":23},"end":{"line":294,"column":45}},{"start":{"line":294,"column":49},"end":{"line":294,"column":51}}]},"28":{"loc":{"start":{"line":329,"column":23},"end":{"line":329,"column":48}},"type":"binary-expr","locations":[{"start":{"line":329,"column":23},"end":{"line":329,"column":43}},{"start":{"line":329,"column":47},"end":{"line":329,"column":48}}]}},"s":{"0":2,"1":2,"2":2,"3":2,"4":2,"5":2,"6":2,"7":2,"8":2,"9":2,"10":2,"11":2,"12":2,"13":2,"14":2,"15":2,"16":2,"17":2,"18":2,"19":2,"20":9,"21":9,"22":9,"23":9,"24":304,"25":9,"26":476,"27":9,"28":372,"29":9,"30":9,"31":252,"32":9,"33":461,"34":9,"35":9,"36":476,"37":9,"38":9,"39":295,"40":9,"41":9,"42":461,"43":9,"44":360,"45":9,"46":9,"47":3,"48":3,"49":123,"50":3,"51":123,"52":3,"53":3,"54":150,"55":3,"56":114,"57":3,"58":3,"59":75,"60":123,"61":72,"62":3,"63":6,"64":6,"65":334,"66":6,"67":334,"68":6,"69":324,"70":6,"71":168,"72":6,"73":6,"74":324,"75":324,"76":324,"77":6,"78":18,"79":6,"80":6,"81":130,"82":334,"83":124,"84":6,"85":324,"86":6,"87":6,"88":7,"89":7,"90":398,"91":7,"92":7,"93":196,"94":7,"95":7,"96":21,"97":588,"98":588,"99":7,"100":7,"101":386,"102":7,"103":196,"104":7,"105":415,"106":70,"107":7,"108":6,"109":6,"110":6,"111":260,"112":6,"113":6,"114":30,"115":1300,"116":6,"117":6,"118":24,"119":1040,"120":6,"121":6,"122":260,"123":6,"124":18,"125":6,"126":6,"127":260,"128":6,"129":40,"130":42,"131":6,"132":6,"133":254,"134":6,"135":6,"136":106,"137":49,"138":6,"139":5,"140":5,"141":5,"142":172,"143":5,"144":270,"145":5,"146":160,"147":5,"148":262,"149":5,"150":5,"151":5,"152":5,"153":5,"154":5,"155":5,"156":105,"157":172,"158":105,"159":270,"160":105,"161":160,"162":262,"163":5,"164":105,"165":105,"166":105,"167":172,"168":270,"169":5,"170":7,"171":7,"172":7,"173":35,"174":3000,"175":600,"176":7,"177":7,"178":35},"f":{"0":9,"1":304,"2":476,"3":372,"4":252,"5":461,"6":476,"7":295,"8":461,"9":360,"10":3,"11":123,"12":123,"13":150,"14":114,"15":75,"16":123,"17":72,"18":6,"19":334,"20":334,"21":324,"22":168,"23":18,"24":130,"25":334,"26":124,"27":324,"28":7,"29":398,"30":196,"31":21,"32":588,"33":588,"34":196,"35":415,"36":70,"37":6,"38":260,"39":30,"40":1300,"41":24,"42":1040,"43":18,"44":40,"45":42,"46":106,"47":49,"48":5,"49":172,"50":270,"51":160,"52":262,"53":105,"54":172,"55":270,"56":160,"57":262,"58":105,"59":172,"60":270,"61":7,"62":35,"63":3000,"64":600,"65":35},"b":{"0":[9,0],"1":[9,0],"2":[9,0],"3":[8,1],"4":[9,0],"5":[3,0],"6":[3,0],"7":[6,0],"8":[324,0],"9":[6,0],"10":[588,196],"11":[386,158],"12":[70,0],"13":[1300,691],"14":[1040,568],"15":[260,18],"16":[260,42],"17":[254,49],"18":[5,0],"19":[5,0],"20":[5,0],"21":[5,0],"22":[105,0],"23":[105,0],"24":[105,0],"25":[105,0],"26":[105,0],"27":[105,0],"28":[7,1]}}
,"/Users/fonkelmedia/Desktop/dsahboard-task/backend/src/services/recommendations.service.ts": {"path":"/Users/fonkelmedia/Desktop/dsahboard-task/backend/src/services/recommendations.service.ts","statementMap":{"0":{"start":{"line":4,"column":0},"end":{"line":4,"column":16}},"1":{"start":{"line":2,"column":0},"end":{"line":2,"column":52}},"2":{"start":{"line":5,"column":18},"end":{"line":5,"column":61}},"3":{"start":{"line":6,"column":23},"end":{"line":6,"column":64}},"4":{"start":{"line":7,"column":25},"end":{"line":7,"column":68}},"5":{"start":{"line":8,"column":25},"end":{"line":8,"column":68}},"6":{"start":{"line":9,"column":29},"end":{"line":9,"column":76}},"7":{"start":{"line":10,"column":17},"end":{"line":10,"column":59}},"8":{"start":{"line":12,"column":44},"end":{"line":12,"column":46}},"9":{"start":{"line":15,"column":2},"end":{"line":26,"column":3}},"10":{"start":{"line":16,"column":4},"end":{"line":25,"column":7}},"11":{"start":{"line":29,"column":25},"end":{"line":29,"column":48}},"12":{"start":{"line":30,"column":22},"end":{"line":30,"column":80}},"13":{"start":{"line":30,"column":54},"end":{"line":30,"column":79}},"14":{"start":{"line":31,"column":22},"end":{"line":31,"column":80}},"15":{"start":{"line":31,"column":54},"end":{"line":31,"column":79}},"16":{"start":{"line":33,"column":2},"end":{"line":44,"column":3}},"17":{"start":{"line":34,"column":4},"end":{"line":43,"column":7}},"18":{"start":{"line":47,"column":2},"end":{"line":58,"column":3}},"19":{"start":{"line":48,"column":4},"end":{"line":57,"column":7}},"20":{"start":{"line":61,"column":2},"end":{"line":72,"column":3}},"21":{"start":{"line":62,"column":4},"end":{"line":71,"column":7}},"22":{"start":{"line":75,"column":2},"end":{"line":86,"column":3}},"23":{"start":{"line":76,"column":4},"end":{"line":85,"column":7}},"24":{"start":{"line":89,"column":2},"end":{"line":100,"column":3}},"25":{"start":{"line":90,"column":4},"end":{"line":99,"column":7}},"26":{"start":{"line":103,"column":2},"end":{"line":114,"column":3}},"27":{"start":{"line":104,"column":4},"end":{"line":113,"column":7}},"28":{"start":{"line":117,"column":19},"end":{"line":117,"column":53}},"29":{"start":{"line":118,"column":20},"end":{"line":118,"column":55}},"30":{"start":{"line":118,"column":39},"end":{"line":118,"column":54}},"31":{"start":{"line":119,"column":24},"end":{"line":119,"column":69}},"32":{"start":{"line":119,"column":52},"end":{"line":119,"column":65}},"33":{"start":{"line":121,"column":2},"end":{"line":135,"column":3}},"34":{"start":{"line":122,"column":23},"end":{"line":123,"column":43}},"35":{"start":{"line":123,"column":26},"end":{"line":123,"column":39}},"36":{"start":{"line":125,"column":4},"end":{"line":134,"column":7}},"37":{"start":{"line":138,"column":23},"end":{"line":138,"column":80}},"38":{"start":{"line":138,"column":40},"end":{"line":138,"column":62}},"39":{"start":{"line":139,"column":2},"end":{"line":150,"column":3}},"40":{"start":{"line":140,"column":4},"end":{"line":149,"column":7}},"41":{"start":{"line":153,"column":24},"end":{"line":153,"column":54}},"42":{"start":{"line":154,"column":2},"end":{"line":154,"column":88}},"43":{"start":{"line":154,"column":33},"end":{"line":154,"column":86}},"44":{"start":{"line":156,"column":2},"end":{"line":156,"column":25}}},"fnMap":{"0":{"name":"getRecommendations","decl":{"start":{"line":4,"column":16},"end":{"line":4,"column":34}},"loc":{"start":{"line":4,"column":55},"end":{"line":157,"column":1}}},"1":{"name":"(anonymous_10)","decl":{"start":{"line":30,"column":44},"end":{"line":30,"column":45}},"loc":{"start":{"line":30,"column":54},"end":{"line":30,"column":79}}},"2":{"name":"(anonymous_11)","decl":{"start":{"line":31,"column":44},"end":{"line":31,"column":45}},"loc":{"start":{"line":31,"column":54},"end":{"line":31,"column":79}}},"3":{"name":"(anonymous_12)","decl":{"start":{"line":118,"column":34},"end":{"line":118,"column":35}},"loc":{"start":{"line":118,"column":39},"end":{"line":118,"column":54}}},"4":{"name":"(anonymous_13)","decl":{"start":{"line":119,"column":40},"end":{"line":119,"column":41}},"loc":{"start":{"line":119,"column":52},"end":{"line":119,"column":65}}},"5":{"name":"(anonymous_14)","decl":{"start":{"line":123,"column":14},"end":{"line":123,"column":15}},"loc":{"start":{"line":123,"column":26},"end":{"line":123,"column":39}}},"6":{"name":"(anonymous_15)","decl":{"start":{"line":138,"column":35},"end":{"line":138,"column":36}},"loc":{"start":{"line":138,"column":40},"end":{"line":138,"column":62}}},"7":{"name":"(anonymous_16)","decl":{"start":{"line":154,"column":23},"end":{"line":154,"column":24}},"loc":{"start":{"line":154,"column":33},"end":{"line":154,"column":86}}}},"branchMap":{"0":{"loc":{"start":{"line":15,"column":2},"end":{"line":26,"column":3}},"type":"if","locations":[{"start":{"line":15,"column":2},"end":{"line":26,"column":3}},{"start":{},"end":{}}]},"1":{"loc":{"start":{"line":18,"column":16},"end":{"line":18,"column":69}},"type":"cond-expr","locations":[{"start":{"line":18,"column":52},"end":{"line":18,"column":58}},{"start":{"line":18,"column":61},"end":{"line":18,"column":69}}]},"2":{"loc":{"start":{"line":30,"column":54},"end":{"line":30,"column":79}},"type":"cond-expr","locations":[{"start":{"line":30,"column":74},"end":{"line":30,"column":75}},{"start":{"line":30,"column":78},"end":{"line":30,"column":79}}]},"3":{"loc":{"start":{"line":31,"column":54},"end":{"line":31,"column":79}},"type":"cond-expr","locations":[{"start":{"line":31,"column":74},"end":{"line":31,"column":75}},{"start":{"line":31,"column":78},"end":{"line":31,"column":79}}]},"4":{"loc":{"start":{"line":33,"column":2},"end":{"line":44,"column":3}},"type":"if","locations":[{"start":{"line":33,"column":2},"end":{"line":44,"column":3}},{"start":{},"end":{}}]},"5":{"loc":{"start":{"line":33,"column":6},"end":{"line":33,"column":74}},"type":"binary-expr","locations":[{"start":{"line":33,"column":6},"end":{"line":33,"column":49}},{"start":{"line":33,"column":53},"end":{"line":33,"column":74}}]},"6":{"loc":{"start":{"line":47,"column":2},"end":{"line":58,"column":3}},"type":"if","locations":[{"start":{"line":47,"column":2},"end":{"line":58,"column":3}},{"start":{},"end":{}}]},"7":{"loc":{"start":{"line":50,"column":16},"end":{"line":50,"column":64}},"type":"cond-expr","locations":[{"start":{"line":50,"column":50},"end":{"line":50,"column":56}},{"start":{"line":50,"column":59},"end":{"line":50,"column":64}}]},"8":{"loc":{"start":{"line":61,"column":2},"end":{"line":72,"column":3}},"type":"if","locations":[{"start":{"line":61,"column":2},"end":{"line":72,"column":3}},{"start":{},"end":{}}]},"9":{"loc":{"start":{"line":64,"column":16},"end":{"line":64,"column":73}},"type":"cond-expr","locations":[{"start":{"line":64,"column":56},"end":{"line":64,"column":62}},{"start":{"line":64,"column":65},"end":{"line":64,"column":73}}]},"10":{"loc":{"start":{"line":75,"column":2},"end":{"line":86,"column":3}},"type":"if","locations":[{"start":{"line":75,"column":2},"end":{"line":86,"column":3}},{"start":{},"end":{}}]},"11":{"loc":{"start":{"line":78,"column":16},"end":{"line":78,"column":79}},"type":"cond-expr","locations":[{"start":{"line":78,"column":62},"end":{"line":78,"column":68}},{"start":{"line":78,"column":71},"end":{"line":78,"column":79}}]},"12":{"loc":{"start":{"line":89,"column":2},"end":{"line":100,"column":3}},"type":"if","locations":[{"start":{"line":89,"column":2},"end":{"line":100,"column":3}},{"start":{},"end":{}}]},"13":{"loc":{"start":{"line":92,"column":16},"end":{"line":92,"column":68}},"type":"cond-expr","locations":[{"start":{"line":92,"column":51},"end":{"line":92,"column":57}},{"start":{"line":92,"column":60},"end":{"line":92,"column":68}}]},"14":{"loc":{"start":{"line":103,"column":2},"end":{"line":114,"column":3}},"type":"if","locations":[{"start":{"line":103,"column":2},"end":{"line":114,"column":3}},{"start":{},"end":{}}]},"15":{"loc":{"start":{"line":121,"column":2},"end":{"line":135,"column":3}},"type":"if","locations":[{"start":{"line":121,"column":2},"end":{"line":135,"column":3}},{"start":{},"end":{}}]},"16":{"loc":{"start":{"line":121,"column":6},"end":{"line":121,"column":80}},"type":"binary-expr","locations":[{"start":{"line":121,"column":6},"end":{"line":121,"column":15}},{"start":{"line":121,"column":19},"end":{"line":121,"column":36}},{"start":{"line":121,"column":40},"end":{"line":121,"column":80}}]},"17":{"loc":{"start":{"line":138,"column":23},"end":{"line":138,"column":80}},"type":"binary-expr","locations":[{"start":{"line":138,"column":23},"end":{"line":138,"column":75}},{"start":{"line":138,"column":79},"end":{"line":138,"column":80}}]},"18":{"loc":{"start":{"line":139,"column":2},"end":{"line":150,"column":3}},"type":"if","locations":[{"start":{"line":139,"column":2},"end":{"line":150,"column":3}},{"start":{},"end":{}}]},"19":{"loc":{"start":{"line":142,"column":16},"end":{"line":142,"column":53}},"type":"cond-expr","locations":[{"start":{"line":142,"column":36},"end":{"line":142,"column":42}},{"start":{"line":142,"column":45},"end":{"line":142,"column":53}}]}},"s":{"0":1,"1":1,"2":3,"3":3,"4":3,"5":3,"6":3,"7":3,"8":3,"9":3,"10":0,"11":3,"12":3,"13":6,"14":3,"15":6,"16":3,"17":0,"18":3,"19":0,"20":3,"21":0,"22":3,"23":0,"24":3,"25":0,"26":3,"27":3,"28":3,"29":3,"30":3,"31":3,"32":22,"33":3,"34":1,"35":3,"36":1,"37":3,"38":15,"39":3,"40":1,"41":3,"42":3,"43":2,"44":3},"f":{"0":3,"1":6,"2":6,"3":3,"4":22,"5":3,"6":15,"7":2},"b":{"0":[0,3],"1":[0,0],"2":[6,0],"3":[0,6],"4":[0,3],"5":[3,0],"6":[0,3],"7":[0,0],"8":[0,3],"9":[0,0],"10":[0,3],"11":[0,0],"12":[0,3],"13":[0,0],"14":[3,0],"15":[1,2],"16":[3,3,3],"17":[3,1],"18":[1,2],"19":[1,0]}}
,"/Users/fonkelmedia/Desktop/dsahboard-task/backend/src/utils/dateFilters.ts": {"path":"/Users/fonkelmedia/Desktop/dsahboard-task/backend/src/utils/dateFilters.ts","statementMap":{"0":{"start":{"line":3,"column":0},"end":{"line":3,"column":16}},"1":{"start":{"line":24,"column":0},"end":{"line":24,"column":16}},"2":{"start":{"line":31,"column":0},"end":{"line":31,"column":16}},"3":{"start":{"line":46,"column":0},"end":{"line":46,"column":16}},"4":{"start":{"line":61,"column":0},"end":{"line":61,"column":16}},"5":{"start":{"line":87,"column":0},"end":{"line":87,"column":16}},"6":{"start":{"line":7,"column":33},"end":{"line":7,"column":42}},"7":{"start":{"line":9,"column":2},"end":{"line":21,"column":5}},"8":{"start":{"line":10,"column":21},"end":{"line":10,"column":45}},"9":{"start":{"line":12,"column":4},"end":{"line":14,"column":5}},"10":{"start":{"line":13,"column":6},"end":{"line":13,"column":19}},"11":{"start":{"line":16,"column":4},"end":{"line":18,"column":5}},"12":{"start":{"line":17,"column":6},"end":{"line":17,"column":19}},"13":{"start":{"line":20,"column":4},"end":{"line":20,"column":16}},"14":{"start":{"line":25,"column":2},"end":{"line":28,"column":4}},"15":{"start":{"line":34,"column":18},"end":{"line":34,"column":40}},"16":{"start":{"line":36,"column":2},"end":{"line":41,"column":3}},"17":{"start":{"line":37,"column":17},"end":{"line":37,"column":45}},"18":{"start":{"line":38,"column":21},"end":{"line":38,"column":44}},"19":{"start":{"line":39,"column":4},"end":{"line":39,"column":24}},"20":{"start":{"line":40,"column":4},"end":{"line":40,"column":32}},"21":{"start":{"line":43,"column":2},"end":{"line":43,"column":17}},"22":{"start":{"line":47,"column":18},"end":{"line":47,"column":28}},"23":{"start":{"line":48,"column":20},"end":{"line":48,"column":30}},"24":{"start":{"line":49,"column":2},"end":{"line":49,"column":48}},"25":{"start":{"line":51,"column":2},"end":{"line":54,"column":4}},"26":{"start":{"line":62,"column":2},"end":{"line":65,"column":3}},"27":{"start":{"line":64,"column":4},"end":{"line":64,"column":14}},"28":{"start":{"line":67,"column":20},"end":{"line":67,"column":49}},"29":{"start":{"line":68,"column":18},"end":{"line":68,"column":45}},"30":{"start":{"line":69,"column":23},"end":{"line":69,"column":99}},"31":{"start":{"line":71,"column":26},"end":{"line":71,"column":45}},"32":{"start":{"line":72,"column":2},"end":{"line":72,"column":57}},"33":{"start":{"line":74,"column":28},"end":{"line":74,"column":53}},"34":{"start":{"line":75,"column":2},"end":{"line":75,"column":72}},"35":{"start":{"line":77,"column":2},"end":{"line":80,"column":4}},"36":{"start":{"line":88,"column":2},"end":{"line":90,"column":3}},"37":{"start":{"line":89,"column":4},"end":{"line":89,"column":33}},"38":{"start":{"line":91,"column":2},"end":{"line":91,"column":61}}},"fnMap":{"0":{"name":"filterByDateRange","decl":{"start":{"line":3,"column":16},"end":{"line":3,"column":33}},"loc":{"start":{"line":5,"column":22},"end":{"line":22,"column":1}}},"1":{"name":"(anonymous_1)","decl":{"start":{"line":9,"column":22},"end":{"line":9,"column":26}},"loc":{"start":{"line":9,"column":29},"end":{"line":21,"column":3}}},"2":{"name":"parseDateRange","decl":{"start":{"line":24,"column":16},"end":{"line":24,"column":30}},"loc":{"start":{"line":24,"column":78},"end":{"line":29,"column":1}}},"3":{"name":"groupByDate","decl":{"start":{"line":31,"column":16},"end":{"line":31,"column":27}},"loc":{"start":{"line":32,"column":12},"end":{"line":44,"column":1}}},"4":{"name":"getDateRange","decl":{"start":{"line":46,"column":16},"end":{"line":46,"column":28}},"loc":{"start":{"line":46,"column":41},"end":{"line":55,"column":1}}},"5":{"name":"getPreviousPeriodRange","decl":{"start":{"line":61,"column":16},"end":{"line":61,"column":38}},"loc":{"start":{"line":61,"column":59},"end":{"line":81,"column":1}}},"6":{"name":"calculateTrend","decl":{"start":{"line":87,"column":16},"end":{"line":87,"column":30}},"loc":{"start":{"line":87,"column":64},"end":{"line":92,"column":1}}}},"branchMap":{"0":{"loc":{"start":{"line":12,"column":4},"end":{"line":14,"column":5}},"type":"if","locations":[{"start":{"line":12,"column":4},"end":{"line":14,"column":5}},{"start":{},"end":{}}]},"1":{"loc":{"start":{"line":12,"column":8},"end":{"line":12,"column":51}},"type":"binary-expr","locations":[{"start":{"line":12,"column":8},"end":{"line":12,"column":17}},{"start":{"line":12,"column":21},"end":{"line":12,"column":51}}]},"2":{"loc":{"start":{"line":16,"column":4},"end":{"line":18,"column":5}},"type":"if","locations":[{"start":{"line":16,"column":4},"end":{"line":18,"column":5}},{"start":{},"end":{}}]},"3":{"loc":{"start":{"line":16,"column":8},"end":{"line":16,"column":47}},"type":"binary-expr","locations":[{"start":{"line":16,"column":8},"end":{"line":16,"column":15}},{"start":{"line":16,"column":19},"end":{"line":16,"column":47}}]},"4":{"loc":{"start":{"line":38,"column":21},"end":{"line":38,"column":44}},"type":"binary-expr","locations":[{"start":{"line":38,"column":21},"end":{"line":38,"column":38}},{"start":{"line":38,"column":42},"end":{"line":38,"column":44}}]},"5":{"loc":{"start":{"line":62,"column":2},"end":{"line":65,"column":3}},"type":"if","locations":[{"start":{"line":62,"column":2},"end":{"line":65,"column":3}},{"start":{},"end":{}}]},"6":{"loc":{"start":{"line":62,"column":6},"end":{"line":62,"column":48}},"type":"binary-expr","locations":[{"start":{"line":62,"column":6},"end":{"line":62,"column":26}},{"start":{"line":62,"column":30},"end":{"line":62,"column":48}}]},"7":{"loc":{"start":{"line":88,"column":2},"end":{"line":90,"column":3}},"type":"if","locations":[{"start":{"line":88,"column":2},"end":{"line":90,"column":3}},{"start":{},"end":{}}]},"8":{"loc":{"start":{"line":89,"column":11},"end":{"line":89,"column":32}},"type":"cond-expr","locations":[{"start":{"line":89,"column":25},"end":{"line":89,"column":28}},{"start":{"line":89,"column":31},"end":{"line":89,"column":32}}]}},"s":{"0":3,"1":3,"2":3,"3":3,"4":3,"5":3,"6":107,"7":107,"8":5740,"9":5740,"10":553,"11":5187,"12":348,"13":4839,"14":0,"15":21,"16":21,"17":902,"18":902,"19":902,"20":902,"21":21,"22":0,"23":0,"24":0,"25":0,"26":12,"27":8,"28":4,"29":4,"30":4,"31":4,"32":4,"33":4,"34":4,"35":4,"36":33,"37":5,"38":28},"f":{"0":107,"1":5740,"2":0,"3":21,"4":0,"5":12,"6":33},"b":{"0":[553,5187],"1":[5740,1065],"2":[348,4839],"3":[5187,514],"4":[902,417],"5":[8,4],"6":[12,4],"7":[5,28],"8":[4,1]}}
,"/Users/fonkelmedia/Desktop/dsahboard-task/backend/src/utils/delay.ts": {"path":"/Users/fonkelmedia/Desktop/dsahboard-task/backend/src/utils/delay.ts","statementMap":{"0":{"start":{"line":6,"column":0},"end":{"line":6,"column":16}},"1":{"start":{"line":3,"column":23},"end":{"line":3,"column":61}},"2":{"start":{"line":4,"column":17},"end":{"line":4,"column":61}},"3":{"start":{"line":7,"column":2},"end":{"line":7,"column":48}},"4":{"start":{"line":7,"column":23},"end":{"line":7,"column":48}},"5":{"start":{"line":8,"column":2},"end":{"line":8,"column":57}},"6":{"start":{"line":8,"column":32},"end":{"line":8,"column":55}}},"fnMap":{"0":{"name":"delay","decl":{"start":{"line":6,"column":16},"end":{"line":6,"column":21}},"loc":{"start":{"line":6,"column":43},"end":{"line":9,"column":1}}},"1":{"name":"(anonymous_1)","decl":{"start":{"line":8,"column":21},"end":{"line":8,"column":28}},"loc":{"start":{"line":8,"column":32},"end":{"line":8,"column":55}}}},"branchMap":{"0":{"loc":{"start":{"line":4,"column":26},"end":{"line":4,"column":56}},"type":"binary-expr","locations":[{"start":{"line":4,"column":26},"end":{"line":4,"column":46}},{"start":{"line":4,"column":50},"end":{"line":4,"column":56}}]},"1":{"loc":{"start":{"line":6,"column":22},"end":{"line":6,"column":43}},"type":"default-arg","locations":[{"start":{"line":6,"column":35},"end":{"line":6,"column":43}}]},"2":{"loc":{"start":{"line":7,"column":2},"end":{"line":7,"column":48}},"type":"if","locations":[{"start":{"line":7,"column":2},"end":{"line":7,"column":48}},{"start":{},"end":{}}]}},"s":{"0":0,"1":0,"2":0,"3":0,"4":0,"5":0,"6":0},"f":{"0":0,"1":0},"b":{"0":[0,0],"1":[0],"2":[0,0]}}
}
