TN:
SF:src/controllers/comparison.controller.ts
FN:6,getComparison
FNF:1
FNH:0
FNDA:0,getComparison
DA:2,0
DA:3,0
DA:4,0
DA:6,0
DA:7,0
DA:8,0
DA:9,0
DA:10,0
DA:11,0
DA:13,0
LF:10
LH:0
BRF:0
BRH:0
end_of_record
TN:
SF:src/controllers/metrics.controller.ts
FN:6,getSummary
FN:17,getAvatarMetrics
FN:28,getTryonMetrics
FN:39,getProductMetrics
FN:50,getShopperMetrics
FN:61,getPerformanceMetrics
FN:72,getDropoffFunnel
FNF:7
FNH:0
FNDA:0,getSummary
FNDA:0,getAvatarMetrics
FNDA:0,getTryonMetrics
FNDA:0,getProductMetrics
FNDA:0,getShopperMetrics
FNDA:0,getPerformanceMetrics
FNDA:0,getDropoffFunnel
DA:2,0
DA:3,0
DA:4,0
DA:6,0
DA:7,0
DA:8,0
DA:9,0
DA:10,0
DA:11,0
DA:13,0
DA:17,0
DA:18,0
DA:19,0
DA:20,0
DA:21,0
DA:22,0
DA:24,0
DA:28,0
DA:29,0
DA:30,0
DA:31,0
DA:32,0
DA:33,0
DA:35,0
DA:39,0
DA:40,0
DA:41,0
DA:42,0
DA:43,0
DA:44,0
DA:46,0
DA:50,0
DA:51,0
DA:52,0
DA:53,0
DA:54,0
DA:55,0
DA:57,0
DA:61,0
DA:62,0
DA:63,0
DA:64,0
DA:65,0
DA:66,0
DA:68,0
DA:72,0
DA:73,0
DA:74,0
DA:75,0
DA:76,0
DA:77,0
DA:79,0
LF:52
LH:0
BRF:0
BRH:0
end_of_record
TN:
SF:src/controllers/recommendations.controller.ts
FN:6,getRecommendations
FNF:1
FNH:0
FNDA:0,getRecommendations
DA:2,0
DA:3,0
DA:4,0
DA:6,0
DA:7,0
DA:8,0
DA:9,0
DA:10,0
DA:11,0
DA:13,0
LF:10
LH:0
BRF:0
BRH:0
end_of_record
TN:
SF:src/middleware/errorHandler.ts
FN:6,(anonymous_0)
FN:12,errorHandler
FNF:2
FNH:0
FNDA:0,(anonymous_0)
FNDA:0,errorHandler
DA:3,0
DA:7,0
DA:8,0
DA:12,0
DA:18,0
DA:19,0
DA:24,0
DA:25,0
LF:8
LH:0
BRDA:18,0,0,0
BRDA:18,0,1,0
BRF:2
BRH:0
end_of_record
TN:
SF:src/routes/comparison.routes.ts
FNF:0
FNH:0
DA:1,0
DA:2,0
DA:4,0
DA:6,0
DA:8,0
LF:5
LH:0
BRF:0
BRH:0
end_of_record
TN:
SF:src/routes/index.ts
FNF:0
FNH:0
DA:1,0
DA:2,0
DA:3,0
DA:4,0
DA:6,0
DA:8,0
DA:9,0
DA:10,0
LF:8
LH:0
BRF:0
BRH:0
end_of_record
TN:
SF:src/routes/metrics.routes.ts
FNF:0
FNH:0
DA:1,0
DA:2,0
DA:4,0
DA:6,0
DA:7,0
DA:8,0
DA:9,0
DA:10,0
DA:11,0
DA:12,0
DA:14,0
LF:11
LH:0
BRF:0
BRH:0
end_of_record
TN:
SF:src/routes/recommendations.routes.ts
FNF:0
FNH:0
DA:1,0
DA:2,0
DA:4,0
DA:6,0
DA:8,0
LF:5
LH:0
BRF:0
BRH:0
end_of_record
TN:
SF:src/services/comparison.service.ts
FN:34,formatPeriod
FN:49,calculateChange
FN:56,getComparisonMetrics
FNF:3
FNH:0
FNDA:0,formatPeriod
FNDA:0,calculateChange
FNDA:0,getComparisonMetrics
DA:2,0
DA:3,0
DA:35,0
DA:36,0
DA:38,0
DA:42,0
DA:46,0
DA:50,0
DA:51,0
DA:53,0
DA:56,0
DA:57,0
DA:58,0
DA:60,0
DA:61,0
DA:62,0
DA:64,0
LF:17
LH:0
BRDA:35,0,0,0
BRDA:35,0,1,0
BRDA:35,1,0,0
BRDA:35,1,1,0
BRDA:50,2,0,0
BRDA:50,2,1,0
BRDA:51,3,0,0
BRDA:51,3,1,0
BRF:8
BRH:0
end_of_record
TN:
SF:src/services/metrics.service.ts
FN:18,getSummaryMetrics
FN:23,(anonymous_2)
FN:24,(anonymous_3)
FN:25,(anonymous_4)
FN:28,(anonymous_5)
FN:31,(anonymous_6)
FN:39,(anonymous_7)
FN:44,(anonymous_8)
FN:46,(anonymous_9)
FN:47,(anonymous_10)
FN:70,getAvatarMetrics
FN:72,(anonymous_12)
FN:73,(anonymous_13)
FN:75,(anonymous_14)
FN:78,(anonymous_15)
FN:83,(anonymous_16)
FN:83,(anonymous_17)
FN:84,(anonymous_18)
FN:98,getTryonMetrics
FN:100,(anonymous_20)
FN:101,(anonymous_21)
FN:104,(anonymous_22)
FN:107,(anonymous_23)
FN:117,(anonymous_24)
FN:124,(anonymous_25)
FN:124,(anonymous_26)
FN:125,(anonymous_27)
FN:127,(anonymous_28)
FN:143,getProductMetrics
FN:145,(anonymous_30)
FN:148,(anonymous_31)
FN:151,(anonymous_32)
FN:153,(anonymous_33)
FN:154,(anonymous_34)
FN:162,(anonymous_35)
FN:164,(anonymous_36)
FN:166,(anonymous_37)
FN:181,getShopperMetrics
FN:184,(anonymous_39)
FN:194,(anonymous_40)
FN:196,(anonymous_41)
FN:206,(anonymous_42)
FN:208,(anonymous_43)
FN:215,(anonymous_44)
FN:225,(anonymous_45)
FN:226,(anonymous_46)
FN:234,(anonymous_47)
FN:235,(anonymous_48)
FN:248,getPerformanceMetrics
FN:252,(anonymous_50)
FN:253,(anonymous_51)
FN:256,(anonymous_52)
FN:260,(anonymous_53)
FN:277,(anonymous_54)
FN:278,(anonymous_55)
FN:279,(anonymous_56)
FN:284,(anonymous_57)
FN:287,(anonymous_58)
FN:292,(anonymous_59)
FN:298,(anonymous_60)
FN:299,(anonymous_61)
FN:313,getDropoffFunnel
FN:324,(anonymous_63)
FN:326,(anonymous_64)
FN:326,(anonymous_65)
FN:331,(anonymous_66)
FNF:66
FNH:66
FNDA:9,getSummaryMetrics
FNDA:304,(anonymous_2)
FNDA:476,(anonymous_3)
FNDA:372,(anonymous_4)
FNDA:252,(anonymous_5)
FNDA:461,(anonymous_6)
FNDA:476,(anonymous_7)
FNDA:295,(anonymous_8)
FNDA:461,(anonymous_9)
FNDA:360,(anonymous_10)
FNDA:3,getAvatarMetrics
FNDA:123,(anonymous_12)
FNDA:123,(anonymous_13)
FNDA:150,(anonymous_14)
FNDA:114,(anonymous_15)
FNDA:75,(anonymous_16)
FNDA:123,(anonymous_17)
FNDA:72,(anonymous_18)
FNDA:6,getTryonMetrics
FNDA:334,(anonymous_20)
FNDA:334,(anonymous_21)
FNDA:324,(anonymous_22)
FNDA:168,(anonymous_23)
FNDA:18,(anonymous_24)
FNDA:130,(anonymous_25)
FNDA:334,(anonymous_26)
FNDA:124,(anonymous_27)
FNDA:324,(anonymous_28)
FNDA:7,getProductMetrics
FNDA:398,(anonymous_30)
FNDA:196,(anonymous_31)
FNDA:21,(anonymous_32)
FNDA:588,(anonymous_33)
FNDA:588,(anonymous_34)
FNDA:196,(anonymous_35)
FNDA:415,(anonymous_36)
FNDA:70,(anonymous_37)
FNDA:6,getShopperMetrics
FNDA:260,(anonymous_39)
FNDA:30,(anonymous_40)
FNDA:1300,(anonymous_41)
FNDA:24,(anonymous_42)
FNDA:1040,(anonymous_43)
FNDA:18,(anonymous_44)
FNDA:40,(anonymous_45)
FNDA:42,(anonymous_46)
FNDA:106,(anonymous_47)
FNDA:49,(anonymous_48)
FNDA:5,getPerformanceMetrics
FNDA:172,(anonymous_50)
FNDA:270,(anonymous_51)
FNDA:160,(anonymous_52)
FNDA:262,(anonymous_53)
FNDA:105,(anonymous_54)
FNDA:172,(anonymous_55)
FNDA:270,(anonymous_56)
FNDA:160,(anonymous_57)
FNDA:262,(anonymous_58)
FNDA:105,(anonymous_59)
FNDA:172,(anonymous_60)
FNDA:270,(anonymous_61)
FNDA:7,getDropoffFunnel
FNDA:35,(anonymous_63)
FNDA:3000,(anonymous_64)
FNDA:600,(anonymous_65)
FNDA:35,(anonymous_66)
DA:2,2
DA:4,2
DA:5,2
DA:6,2
DA:7,2
DA:8,2
DA:9,2
DA:11,2
DA:12,2
DA:13,2
DA:14,2
DA:15,2
DA:16,2
DA:18,2
DA:19,9
DA:20,9
DA:21,9
DA:23,304
DA:24,476
DA:25,372
DA:27,9
DA:28,252
DA:30,9
DA:31,461
DA:34,9
DA:38,9
DA:39,476
DA:43,9
DA:44,295
DA:45,9
DA:46,461
DA:47,360
DA:48,9
DA:52,9
DA:70,2
DA:71,3
DA:72,123
DA:73,123
DA:74,3
DA:75,150
DA:77,3
DA:78,114
DA:81,3
DA:82,3
DA:83,123
DA:84,72
DA:86,3
DA:98,2
DA:99,6
DA:100,334
DA:101,334
DA:103,6
DA:104,324
DA:107,168
DA:108,6
DA:110,6
DA:111,324
DA:112,324
DA:113,324
DA:117,18
DA:122,6
DA:123,6
DA:124,334
DA:125,124
DA:127,324
DA:128,6
DA:132,6
DA:143,2
DA:144,7
DA:145,398
DA:147,7
DA:148,196
DA:150,7
DA:151,21
DA:153,588
DA:154,588
DA:157,7
DA:158,7
DA:159,386
DA:162,196
DA:163,7
DA:164,415
DA:166,70
DA:172,7
DA:181,2
DA:182,6
DA:183,6
DA:184,260
DA:186,6
DA:194,30
DA:196,1300
DA:199,6
DA:206,24
DA:208,1040
DA:211,6
DA:212,6
DA:213,260
DA:215,18
DA:220,6
DA:221,6
DA:222,260
DA:224,6
DA:225,40
DA:226,42
DA:228,6
DA:229,6
DA:230,254
DA:232,6
DA:233,6
DA:234,106
DA:235,49
DA:237,6
DA:248,2
DA:249,5
DA:250,5
DA:252,172
DA:253,270
DA:255,5
DA:256,160
DA:259,5
DA:260,262
DA:263,5
DA:267,5
DA:271,5
DA:272,5
DA:274,5
DA:275,5
DA:277,5
DA:278,172
DA:279,270
DA:281,105
DA:284,160
DA:287,262
DA:292,5
DA:293,105
DA:294,105
DA:296,105
DA:298,172
DA:299,270
DA:303,5
DA:313,2
DA:314,7
DA:316,7
DA:324,35
DA:326,3000
DA:329,7
DA:331,35
LF:147
LH:147
BRDA:30,0,0,9
BRDA:30,0,1,0
BRDA:34,1,0,9
BRDA:34,1,1,0
BRDA:38,2,0,9
BRDA:38,2,1,0
BRDA:48,3,0,8
BRDA:48,3,1,1
BRDA:59,4,0,9
BRDA:59,4,1,0
BRDA:77,5,0,3
BRDA:77,5,1,0
BRDA:90,6,0,3
BRDA:90,6,1,0
BRDA:103,7,0,6
BRDA:103,7,1,0
BRDA:112,8,0,324
BRDA:112,8,1,0
BRDA:128,9,0,6
BRDA:128,9,1,0
BRDA:154,10,0,588
BRDA:154,10,1,196
BRDA:159,11,0,386
BRDA:159,11,1,158
BRDA:168,12,0,70
BRDA:168,12,1,0
BRDA:196,13,0,1300
BRDA:196,13,1,691
BRDA:208,14,0,1040
BRDA:208,14,1,568
BRDA:213,15,0,260
BRDA:213,15,1,18
BRDA:222,16,0,260
BRDA:222,16,1,42
BRDA:230,17,0,254
BRDA:230,17,1,49
BRDA:255,18,0,5
BRDA:255,18,1,0
BRDA:259,19,0,5
BRDA:259,19,1,0
BRDA:263,20,0,5
BRDA:263,20,1,0
BRDA:267,21,0,5
BRDA:267,21,1,0
BRDA:278,22,0,105
BRDA:278,22,1,0
BRDA:279,23,0,105
BRDA:279,23,1,0
BRDA:283,24,0,105
BRDA:283,24,1,0
BRDA:286,25,0,105
BRDA:286,25,1,0
BRDA:293,26,0,105
BRDA:293,26,1,0
BRDA:294,27,0,105
BRDA:294,27,1,0
BRDA:329,28,0,7
BRDA:329,28,1,1
BRF:58
BRH:38
end_of_record
TN:
SF:src/services/recommendations.service.ts
FN:4,getRecommendations
FN:30,(anonymous_10)
FN:31,(anonymous_11)
FN:118,(anonymous_12)
FN:119,(anonymous_13)
FN:123,(anonymous_14)
FN:138,(anonymous_15)
FN:154,(anonymous_16)
FNF:8
FNH:8
FNDA:3,getRecommendations
FNDA:6,(anonymous_10)
FNDA:6,(anonymous_11)
FNDA:3,(anonymous_12)
FNDA:22,(anonymous_13)
FNDA:3,(anonymous_14)
FNDA:15,(anonymous_15)
FNDA:2,(anonymous_16)
DA:2,1
DA:4,1
DA:5,3
DA:6,3
DA:7,3
DA:8,3
DA:9,3
DA:10,3
DA:12,3
DA:15,3
DA:16,0
DA:29,3
DA:30,6
DA:31,6
DA:33,3
DA:34,0
DA:47,3
DA:48,0
DA:61,3
DA:62,0
DA:75,3
DA:76,0
DA:89,3
DA:90,0
DA:103,3
DA:104,3
DA:117,3
DA:118,3
DA:119,22
DA:121,3
DA:122,1
DA:123,3
DA:125,1
DA:138,15
DA:139,3
DA:140,1
DA:153,3
DA:154,3
DA:156,3
LF:39
LH:33
BRDA:15,0,0,0
BRDA:15,0,1,3
BRDA:18,1,0,0
BRDA:18,1,1,0
BRDA:30,2,0,6
BRDA:30,2,1,0
BRDA:31,3,0,0
BRDA:31,3,1,6
BRDA:33,4,0,0
BRDA:33,4,1,3
BRDA:33,5,0,3
BRDA:33,5,1,0
BRDA:47,6,0,0
BRDA:47,6,1,3
BRDA:50,7,0,0
BRDA:50,7,1,0
BRDA:61,8,0,0
BRDA:61,8,1,3
BRDA:64,9,0,0
BRDA:64,9,1,0
BRDA:75,10,0,0
BRDA:75,10,1,3
BRDA:78,11,0,0
BRDA:78,11,1,0
BRDA:89,12,0,0
BRDA:89,12,1,3
BRDA:92,13,0,0
BRDA:92,13,1,0
BRDA:103,14,0,3
BRDA:103,14,1,0
BRDA:121,15,0,1
BRDA:121,15,1,2
BRDA:121,16,0,3
BRDA:121,16,1,3
BRDA:121,16,2,3
BRDA:138,17,0,3
BRDA:138,17,1,1
BRDA:139,18,0,1
BRDA:139,18,1,2
BRDA:142,19,0,1
BRDA:142,19,1,0
BRF:41
BRH:20
end_of_record
TN:
SF:src/utils/dateFilters.ts
FN:3,filterByDateRange
FN:9,(anonymous_1)
FN:24,parseDateRange
FN:31,groupByDate
FN:46,getDateRange
FN:61,getPreviousPeriodRange
FN:87,calculateTrend
FNF:7
FNH:5
FNDA:107,filterByDateRange
FNDA:5740,(anonymous_1)
FNDA:0,parseDateRange
FNDA:21,groupByDate
FNDA:0,getDateRange
FNDA:12,getPreviousPeriodRange
FNDA:33,calculateTrend
DA:3,3
DA:7,107
DA:9,107
DA:10,5740
DA:12,5740
DA:13,553
DA:16,5187
DA:17,348
DA:20,4839
DA:24,3
DA:25,0
DA:31,3
DA:34,21
DA:36,21
DA:37,902
DA:38,902
DA:39,902
DA:40,902
DA:43,21
DA:46,3
DA:47,0
DA:48,0
DA:49,0
DA:51,0
DA:61,3
DA:62,12
DA:64,8
DA:67,4
DA:68,4
DA:69,4
DA:71,4
DA:72,4
DA:74,4
DA:75,4
DA:77,4
DA:87,3
DA:88,33
DA:89,5
DA:91,28
LF:39
LH:34
BRDA:12,0,0,553
BRDA:12,0,1,5187
BRDA:12,1,0,5740
BRDA:12,1,1,1065
BRDA:16,2,0,348
BRDA:16,2,1,4839
BRDA:16,3,0,5187
BRDA:16,3,1,514
BRDA:38,4,0,902
BRDA:38,4,1,417
BRDA:62,5,0,8
BRDA:62,5,1,4
BRDA:62,6,0,12
BRDA:62,6,1,4
BRDA:88,7,0,5
BRDA:88,7,1,28
BRDA:89,8,0,4
BRDA:89,8,1,1
BRF:18
BRH:18
end_of_record
TN:
SF:src/utils/delay.ts
FN:6,delay
FN:8,(anonymous_1)
FNF:2
FNH:0
FNDA:0,delay
FNDA:0,(anonymous_1)
DA:3,0
DA:4,0
DA:6,0
DA:7,0
DA:8,0
LF:5
LH:0
BRDA:4,0,0,0
BRDA:4,0,1,0
BRDA:6,1,0,0
BRDA:7,2,0,0
BRDA:7,2,1,0
BRF:5
BRH:0
end_of_record
